# Logfile created on 2026-03-05 21:50:06 -0600 by logger.rb/v1.7.0
I, [2026-03-05T21:50:06.746643 #1463928]  INFO -- : Scraping https://www.ancientfaith.com/podcasts/?sort=latest_episodes
I, [2026-03-05T21:50:07.796122 #1463928]  INFO -- : 
::Element Link::https://www.ancientfaith.com/::Element Text::::

I, [2026-03-05T21:50:07.796815 #1463928]  INFO -- : 
::Element Link::https://www.ancientfaith.com/radio/::Element Text::Radio::

I, [2026-03-05T21:50:07.797343 #1463928]  INFO -- : 
::Element Link::https://www.ancientfaith.com/radio/live-shows/::Element Text::Live Shows::

I, [2026-03-05T21:50:07.797876 #1463928]  INFO -- : 
::Element Link::https://www.ancientfaith.com/podcasts/::Element Text::Podcasts::

I, [2026-03-05T21:50:07.799185 #1463928]  INFO -- : 
::Element Link::https://www.ancientfaith.com/radio/sponsorships/::Element Text::Sponsorships::

I, [2026-03-05T21:50:07.799740 #1463928]  INFO -- : 
::Element Link::https://www.ancientfaith.com/radio/digital-m/::Element Text::Podcast and Digital Media Proposals::

I, [2026-03-05T21:50:07.800264 #1463928]  INFO -- : 
::Element Link::https://www.ancientfaith.com/publishing/::Element Text::Publishing::

I, [2026-03-05T21:50:07.800882 #1463928]  INFO -- : 
::Element Link::https://www.ancientfaith.com/topics/Ancient-Faith-Kids/::Element Text::Kids::

I, [2026-03-05T21:50:07.801453 #1463928]  INFO -- : 
::Element Link::https://www.ancientfaith.com/events/::Element Text::Events::

I, [2026-03-05T21:50:07.801946 #1463928]  INFO -- : 
::Element Link::https://www.ancientfaith.com/support/::Element Text::Support::

I, [2026-03-05T21:50:07.802408 #1463928]  INFO -- : 
::Element Link::https://www.ancientfaith.com/about/::Element Text::About::

I, [2026-03-05T21:50:07.803201 #1463928]  INFO -- : 
::Element Link::https://www.ancientfaith.com/ceo-journal/::Element Text::CEO Journal::

I, [2026-03-05T21:50:07.803669 #1463928]  INFO -- : 
::Element Link::https://www.ancientfaith.comhttps://store.ancientfaith.com/::Element Text::Store::

I, [2026-03-05T21:50:07.804148 #1463928]  INFO -- : 
::Element Link::https://www.ancientfaith.com/login/::Element Text::Login::

I, [2026-03-05T21:50:07.804605 #1463928]  INFO -- : 
::Element Link::https://www.ancientfaith.com/radio/::Element Text::Radio::

I, [2026-03-05T21:50:07.805283 #1463928]  INFO -- : 
::Element Link::https://www.ancientfaith.com/radio/live-shows/::Element Text::Live Shows::

I, [2026-03-05T21:50:07.805721 #1463928]  INFO -- : 
::Element Link::https://www.ancientfaith.com/podcasts/::Element Text::Podcasts::

I, [2026-03-05T21:50:07.806172 #1463928]  INFO -- : 
::Element Link::https://www.ancientfaith.com/radio/sponsorships/::Element Text::Sponsorships::

I, [2026-03-05T21:50:07.806714 #1463928]  INFO -- : 
::Element Link::https://www.ancientfaith.com/radio/digital-m/::Element Text::Podcast and Digital Media Proposals::

I, [2026-03-05T21:50:07.807394 #1463928]  INFO -- : 
::Element Link::https://www.ancientfaith.com/publishing/::Element Text::Publishing::

I, [2026-03-05T21:50:07.808945 #1463928]  INFO -- : 
::Element Link::https://www.ancientfaith.com/topics/Ancient-Faith-Kids/::Element Text::Kids::

I, [2026-03-05T21:50:07.809633 #1463928]  INFO -- : 
::Element Link::https://www.ancientfaith.com/events/::Element Text::Events::

I, [2026-03-05T21:50:07.811559 #1463928]  INFO -- : 
::Element Link::https://www.ancientfaith.com/support/::Element Text::Support::

I, [2026-03-05T21:50:07.813359 #1463928]  INFO -- : 
::Element Link::https://www.ancientfaith.com/about/::Element Text::About::

I, [2026-03-05T21:50:07.814017 #1463928]  INFO -- : 
::Element Link::https://www.ancientfaith.com/ceo-journal/::Element Text::CEO Journal::

I, [2026-03-05T21:50:07.814470 #1463928]  INFO -- : 
::Element Link::https://www.ancientfaith.comhttps://store.ancientfaith.com/::Element Text::Store::

I, [2026-03-05T21:50:07.817139 #1463928]  INFO -- : 
::Element Link::https://www.ancientfaith.com/login/::Element Text::Login::

I, [2026-03-05T21:50:07.820419 #1463928]  INFO -- : 
::Element Link::https://www.ancientfaith.com?filter=daily&sort=latest_episodes::Element Text::Daily Bread::

I, [2026-03-05T21:50:07.821219 #1463928]  INFO -- : 
::Element Link::https://www.ancientfaith.com?filter=kids&sort=latest_episodes::Element Text::Kids::

I, [2026-03-05T21:50:07.821692 #1463928]  INFO -- : 
::Element Link::https://www.ancientfaith.com?filter=live&sort=latest_episodes::Element Text::Live Shows::

I, [2026-03-05T21:50:07.822127 #1463928]  INFO -- : 
::Element Link::https://www.ancientfaith.com?filter=active&sort=latest_episodes::Element Text::Active::

I, [2026-03-05T21:50:07.822568 #1463928]  INFO -- : 
::Element Link::https://www.ancientfaith.com?filter=collections&sort=latest_episodes::Element Text::Collections::

I, [2026-03-05T21:50:07.823002 #1463928]  INFO -- : 
::Element Link::https://www.ancientfaith.com?filter=archived&sort=latest_episodes::Element Text::Archived::

I, [2026-03-05T21:50:07.823380 #1463928]  INFO -- : 
::Element Link::https://www.ancientfaith.com?sort=title::Element Text::Alphabetical::

I, [2026-03-05T21:50:07.823753 #1463928]  INFO -- : 
::Element Link::https://www.ancientfaith.com?sort=title_reverse::Element Text::Reverse Alphabetical::

I, [2026-03-05T21:50:07.824171 #1463928]  INFO -- : 
::Element Link::https://www.ancientfaith.com?sort=entry_date::Element Text::Oldest First::

I, [2026-03-05T21:50:07.824626 #1463928]  INFO -- : 
::Element Link::https://www.ancientfaith.com?sort=entry_date_reverse::Element Text::Newest First::

I, [2026-03-05T21:50:07.825082 #1463928]  INFO -- : 
::Element Link::https://www.ancientfaith.com?sort=latest_episodes::Element Text::Latest Episodes::

I, [2026-03-05T21:50:07.825612 #1463928]  INFO -- : 
::Element Link::https://www.ancientfaith.com/podcasts/greattales/::Element Text::::

I, [2026-03-05T21:50:07.826161 #1463928]  INFO -- : 
::Element Link::https://www.ancientfaith.com/podcasts/greattales/::Element Text::The Great Tales::

I, [2026-03-05T21:50:07.826851 #1463928]  INFO -- : 
::Element Link::https://www.ancientfaith.com/podcasts/greattales/::Element Text::View Episodes::

I, [2026-03-05T21:50:07.827623 #1463928]  INFO -- : 
::Element Link::https://www.ancientfaith.com/podcasts/orthodox-explorers-club/::Element Text::::

I, [2026-03-05T21:50:07.828255 #1463928]  INFO -- : 
::Element Link::https://www.ancientfaith.com/podcasts/orthodox-explorers-club/::Element Text::Orthodox Explorers Club::

I, [2026-03-05T21:50:07.828779 #1463928]  INFO -- : 
::Element Link::https://www.ancientfaith.com/podcasts/orthodox-explorers-club/::Element Text::View Episodes::

I, [2026-03-05T21:50:07.829255 #1463928]  INFO -- : 
::Element Link::https://www.ancientfaith.com/podcasts/the-great-rood-screen/::Element Text::::

I, [2026-03-05T21:50:07.830097 #1463928]  INFO -- : 
::Element Link::https://www.ancientfaith.com/podcasts/the-great-rood-screen/::Element Text::The Great Rood Screen::

I, [2026-03-05T21:50:07.830944 #1463928]  INFO -- : 
::Element Link::https://www.ancientfaith.com/podcasts/the-great-rood-screen/::Element Text::View Episodes::

I, [2026-03-05T21:50:07.831893 #1463928]  INFO -- : 
::Element Link::https://www.ancientfaith.com/podcasts/thepath/::Element Text::::

I, [2026-03-05T21:50:07.832656 #1463928]  INFO -- : 
::Element Link::https://www.ancientfaith.com/podcasts/thepath/::Element Text::The Path::

I, [2026-03-05T21:50:07.833293 #1463928]  INFO -- : 
::Element Link::https://www.ancientfaith.com/podcasts/thepath/::Element Text::View Episodes::

I, [2026-03-05T21:50:07.834118 #1463928]  INFO -- : 
::Element Link::https://www.ancientfaith.com/podcasts/saintoftheday/::Element Text::::

I, [2026-03-05T21:50:07.834737 #1463928]  INFO -- : 
::Element Link::https://www.ancientfaith.com/podcasts/saintoftheday/::Element Text::Saint of the Day::

I, [2026-03-05T21:50:07.835304 #1463928]  INFO -- : 
::Element Link::https://www.ancientfaith.com/podcasts/saintoftheday/::Element Text::View Episodes::

I, [2026-03-05T21:50:07.835839 #1463928]  INFO -- : 
::Element Link::https://www.ancientfaith.com/podcasts/tendingthegarden/::Element Text::::

I, [2026-03-05T21:50:07.836515 #1463928]  INFO -- : 
::Element Link::https://www.ancientfaith.com/podcasts/tendingthegarden/::Element Text::Tending the Garden of our Hearts::

I, [2026-03-05T21:50:07.837460 #1463928]  INFO -- : 
::Element Link::https://www.ancientfaith.com/podcasts/tendingthegarden/::Element Text::View Episodes::

I, [2026-03-05T21:50:07.838332 #1463928]  INFO -- : 
::Element Link::https://www.ancientfaith.com/podcasts/dailyscriptures/::Element Text::::

I, [2026-03-05T21:50:07.839088 #1463928]  INFO -- : 
::Element Link::https://www.ancientfaith.com/podcasts/dailyscriptures/::Element Text::Daily Orthodox Scriptures::

I, [2026-03-05T21:50:07.839731 #1463928]  INFO -- : 
::Element Link::https://www.ancientfaith.com/podcasts/dailyscriptures/::Element Text::View Episodes::

I, [2026-03-05T21:50:07.840421 #1463928]  INFO -- : 
::Element Link::https://www.ancientfaith.com/podcasts/dailyscriptureskids/::Element Text::::

I, [2026-03-05T21:50:07.841027 #1463928]  INFO -- : 
::Element Link::https://www.ancientfaith.com/podcasts/dailyscriptureskids/::Element Text::Daily Orthodox Scriptures for Kids::

I, [2026-03-05T21:50:07.841507 #1463928]  INFO -- : 
::Element Link::https://www.ancientfaith.com/podcasts/dailyscriptureskids/::Element Text::View Episodes::

I, [2026-03-05T21:50:07.841928 #1463928]  INFO -- : 
::Element Link::https://www.ancientfaith.com/podcasts/lightpast/::Element Text::::

I, [2026-03-05T21:50:07.842353 #1463928]  INFO -- : 
::Element Link::https://www.ancientfaith.com/podcasts/lightpast/::Element Text::Light Through the Past::

I, [2026-03-05T21:50:07.842856 #1463928]  INFO -- : 
::Element Link::https://www.ancientfaith.com/podcasts/lightpast/::Element Text::View Episodes::

I, [2026-03-05T21:50:07.843360 #1463928]  INFO -- : 
::Element Link::https://www.ancientfaith.com/podcasts/welcoming-gifts/::Element Text::::

I, [2026-03-05T21:50:07.844129 #1463928]  INFO -- : 
::Element Link::https://www.ancientfaith.com/podcasts/welcoming-gifts/::Element Text::Welcoming Gifts::

I, [2026-03-05T21:50:07.844803 #1463928]  INFO -- : 
::Element Link::https://www.ancientfaith.com/podcasts/welcoming-gifts/::Element Text::View Episodes::

I, [2026-03-05T21:50:07.845454 #1463928]  INFO -- : 
::Element Link::https://www.ancientfaith.com/podcasts/transforminglives/::Element Text::::

I, [2026-03-05T21:50:07.847561 #1463928]  INFO -- : 
::Element Link::https://www.ancientfaith.com/podcasts/transforminglives/::Element Text::Transforming Our Lives in Christ::

I, [2026-03-05T21:50:07.848411 #1463928]  INFO -- : 
::Element Link::https://www.ancientfaith.com/podcasts/transforminglives/::Element Text::View Episodes::

I, [2026-03-05T21:50:07.848967 #1463928]  INFO -- : 
::Element Link::https://www.ancientfaith.com/podcasts/parables/::Element Text::::

I, [2026-03-05T21:50:07.849855 #1463928]  INFO -- : 
::Element Link::https://www.ancientfaith.com/podcasts/parables/::Element Text::Parables of Community::

I, [2026-03-05T21:50:07.850523 #1463928]  INFO -- : 
::Element Link::https://www.ancientfaith.com/podcasts/parables/::Element Text::View Episodes::

I, [2026-03-05T21:50:07.851098 #1463928]  INFO -- : 
::Element Link::https://www.ancientfaith.com/podcasts/easternchristianinsights/::Element Text::::

I, [2026-03-05T21:50:07.851668 #1463928]  INFO -- : 
::Element Link::https://www.ancientfaith.com/podcasts/easternchristianinsights/::Element Text::Eastern Christian Insights::

I, [2026-03-05T21:50:07.852279 #1463928]  INFO -- : 
::Element Link::https://www.ancientfaith.com/podcasts/easternchristianinsights/::Element Text::View Episodes::

I, [2026-03-05T21:50:07.853047 #1463928]  INFO -- : 
::Element Link::https://www.ancientfaith.com/podcasts/nootherfoundation/::Element Text::::

I, [2026-03-05T21:50:07.853784 #1463928]  INFO -- : 
::Element Link::https://www.ancientfaith.com/podcasts/nootherfoundation/::Element Text::No Other Foundation::

I, [2026-03-05T21:50:07.854332 #1463928]  INFO -- : 
::Element Link::https://www.ancientfaith.com/podcasts/nootherfoundation/::Element Text::View Episodes::

I, [2026-03-05T21:50:07.854821 #1463928]  INFO -- : 
::Element Link::https://www.ancientfaith.com/podcasts/wholecounsel/::Element Text::::

I, [2026-03-05T21:50:07.855300 #1463928]  INFO -- : 
::Element Link::https://www.ancientfaith.com/podcasts/wholecounsel/::Element Text::The Whole Counsel of God::

I, [2026-03-05T21:50:07.855751 #1463928]  INFO -- : 
::Element Link::https://www.ancientfaith.com/podcasts/wholecounsel/::Element Text::View Episodes::

I, [2026-03-05T21:50:07.856459 #1463928]  INFO -- : 
::Element Link::https://www.ancientfaith.com/podcasts/digital_discernment/::Element Text::::

I, [2026-03-05T21:50:07.857086 #1463928]  INFO -- : 
::Element Link::https://www.ancientfaith.com/podcasts/digital_discernment/::Element Text::Digital Discernment::

I, [2026-03-05T21:50:07.857642 #1463928]  INFO -- : 
::Element Link::https://www.ancientfaith.com/podcasts/digital_discernment/::Element Text::View Episodes::

I, [2026-03-05T21:50:07.858183 #1463928]  INFO -- : 
::Element Link::https://www.ancientfaith.com/podcasts/fr-andrew-stephen-damick-lectures/::Element Text::::

I, [2026-03-05T21:50:07.858675 #1463928]  INFO -- : 
::Element Link::https://www.ancientfaith.com/podcasts/fr-andrew-stephen-damick-lectures/::Element Text::The Lectures of Fr. Andrew Stephen Damick::

I, [2026-03-05T21:50:07.859134 #1463928]  INFO -- : 
::Element Link::https://www.ancientfaith.com/podcasts/fr-andrew-stephen-damick-lectures/::Element Text::View Episodes::

I, [2026-03-05T21:50:07.859700 #1463928]  INFO -- : 
::Element Link::https://www.ancientfaith.com/podcasts/livewiththelouhs/::Element Text::::

I, [2026-03-05T21:50:07.860420 #1463928]  INFO -- : 
::Element Link::https://www.ancientfaith.com/podcasts/livewiththelouhs/::Element Text::Live with the Louhs::

I, [2026-03-05T21:50:07.861154 #1463928]  INFO -- : 
::Element Link::https://www.ancientfaith.com/podcasts/livewiththelouhs/::Element Text::View Episodes::

I, [2026-03-05T21:50:07.862152 #1463928]  INFO -- : 
::Element Link::https://www.ancientfaith.com/podcasts/aftodaylive/::Element Text::::

I, [2026-03-05T21:50:07.863126 #1463928]  INFO -- : 
::Element Link::https://www.ancientfaith.com/podcasts/aftodaylive/::Element Text::Ancient Faith Today Live::

I, [2026-03-05T21:50:07.863993 #1463928]  INFO -- : 
::Element Link::https://www.ancientfaith.com/podcasts/aftodaylive/::Element Text::View Episodes::

I, [2026-03-05T21:50:07.864649 #1463928]  INFO -- : 
::Element Link::https://www.ancientfaith.com/podcasts/orthodoxpilgrim/::Element Text::::

I, [2026-03-05T21:50:07.865622 #1463928]  INFO -- : 
::Element Link::https://www.ancientfaith.com/podcasts/orthodoxpilgrim/::Element Text::The Orthodox Pilgrim::

I, [2026-03-05T21:50:07.866121 #1463928]  INFO -- : 
::Element Link::https://www.ancientfaith.com/podcasts/orthodoxpilgrim/::Element Text::View Episodes::

I, [2026-03-05T21:50:07.866589 #1463928]  INFO -- : 
::Element Link::https://www.ancientfaith.com/podcasts/sacramental/::Element Text::::

I, [2026-03-05T21:50:07.867185 #1463928]  INFO -- : 
::Element Link::https://www.ancientfaith.com/podcasts/sacramental/::Element Text::Sacramental Living::

I, [2026-03-05T21:50:07.867774 #1463928]  INFO -- : 
::Element Link::https://www.ancientfaith.com/podcasts/sacramental/::Element Text::View Episodes::

I, [2026-03-05T21:50:07.868672 #1463928]  INFO -- : 
::Element Link::https://www.ancientfaith.com/podcasts/lordofspirits/::Element Text::::

I, [2026-03-05T21:50:07.869422 #1463928]  INFO -- : 
::Element Link::https://www.ancientfaith.com/podcasts/lordofspirits/::Element Text::The Lord of Spirits::

I, [2026-03-05T21:50:07.870009 #1463928]  INFO -- : 
::Element Link::https://www.ancientfaith.com/podcasts/lordofspirits/::Element Text::View Episodes::

I, [2026-03-05T21:50:07.870558 #1463928]  INFO -- : 
::Element Link::https://www.ancientfaith.com/podcasts/searchthescriptureslive/::Element Text::::

I, [2026-03-05T21:50:07.871121 #1463928]  INFO -- : 
::Element Link::https://www.ancientfaith.com/podcasts/searchthescriptureslive/::Element Text::Search the Scriptures Live::

I, [2026-03-05T21:50:07.871682 #1463928]  INFO -- : 
::Element Link::https://www.ancientfaith.com/podcasts/searchthescriptureslive/::Element Text::View Episodes::

I, [2026-03-05T21:50:07.872263 #1463928]  INFO -- : 
::Element Link::https://www.ancientfaith.com/podcasts/the_roots_of_everything/::Element Text::::

I, [2026-03-05T21:50:07.872680 #1463928]  INFO -- : 
::Element Link::https://www.ancientfaith.com/podcasts/the_roots_of_everything/::Element Text::The Roots of Everything::

I, [2026-03-05T21:50:07.873248 #1463928]  INFO -- : 
::Element Link::https://www.ancientfaith.com/podcasts/the_roots_of_everything/::Element Text::View Episodes::

I, [2026-03-05T21:50:07.873917 #1463928]  INFO -- : 
::Element Link::https://www.ancientfaith.com/podcasts/divineliturgy/::Element Text::::

I, [2026-03-05T21:50:07.874505 #1463928]  INFO -- : 
::Element Link::https://www.ancientfaith.com/podcasts/divineliturgy/::Element Text::The Divine Liturgy::

I, [2026-03-05T21:50:07.875303 #1463928]  INFO -- : 
::Element Link::https://www.ancientfaith.com/podcasts/divineliturgy/::Element Text::View Episodes::

I, [2026-03-05T21:50:07.875858 #1463928]  INFO -- : 
::Element Link::https://www.ancientfaith.com/podcasts/orthodoxylive/::Element Text::::

I, [2026-03-05T21:50:07.876484 #1463928]  INFO -- : 
::Element Link::https://www.ancientfaith.com/podcasts/orthodoxylive/::Element Text::Orthodoxy Live::

I, [2026-03-05T21:50:07.877016 #1463928]  INFO -- : 
::Element Link::https://www.ancientfaith.com/podcasts/orthodoxylive/::Element Text::View Episodes::

I, [2026-03-05T21:50:07.877584 #1463928]  INFO -- : 
::Element Link::https://www.ancientfaith.com/podcasts/letusattend/::Element Text::::

I, [2026-03-05T21:50:07.878246 #1463928]  INFO -- : 
::Element Link::https://www.ancientfaith.com/podcasts/letusattend/::Element Text::Let Us Attend::

I, [2026-03-05T21:50:07.879092 #1463928]  INFO -- : 
::Element Link::https://www.ancientfaith.com/podcasts/letusattend/::Element Text::View Episodes::

I, [2026-03-05T21:50:07.879679 #1463928]  INFO -- : 
::Element Link::https://www.ancientfaith.com/podcasts/healingunresolved/::Element Text::::

I, [2026-03-05T21:50:07.880372 #1463928]  INFO -- : 
::Element Link::https://www.ancientfaith.com/podcasts/healingunresolved/::Element Text::Healing the Unresolved::

I, [2026-03-05T21:50:07.880981 #1463928]  INFO -- : 
::Element Link::https://www.ancientfaith.com/podcasts/healingunresolved/::Element Text::View Episodes::

I, [2026-03-05T21:50:07.881529 #1463928]  INFO -- : 
::Element Link::https://www.ancientfaith.com/podcasts/comeandsee/::Element Text::::

I, [2026-03-05T21:50:07.882056 #1463928]  INFO -- : 
::Element Link::https://www.ancientfaith.com/podcasts/comeandsee/::Element Text::Come and See::

I, [2026-03-05T21:50:07.882600 #1463928]  INFO -- : 
::Element Link::https://www.ancientfaith.com/podcasts/comeandsee/::Element Text::View Episodes::

I, [2026-03-05T21:50:07.883225 #1463928]  INFO -- : 
::Element Link::https://www.ancientfaith.com/podcasts/areopagus/::Element Text::::

I, [2026-03-05T21:50:07.884038 #1463928]  INFO -- : 
::Element Link::https://www.ancientfaith.com/podcasts/areopagus/::Element Text::The Areopagus::

I, [2026-03-05T21:50:07.884601 #1463928]  INFO -- : 
::Element Link::https://www.ancientfaith.com/podcasts/areopagus/::Element Text::View Episodes::

I, [2026-03-05T21:50:07.885011 #1463928]  INFO -- : 
::Element Link::https://www.ancientfaith.com/workwithus/::Element Text::Work With Us::

I, [2026-03-05T21:50:07.885355 #1463928]  INFO -- : 
::Element Link::https://www.ancientfaith.com/about/::Element Text::About::

I, [2026-03-05T21:50:07.885686 #1463928]  INFO -- : 
::Element Link::https://www.ancientfaith.com/support/::Element Text::Donate::

I, [2026-03-05T21:50:07.886024 #1463928]  INFO -- : 
::Element Link::https://www.ancientfaith.com/about/::Element Text::Contact::

I, [2026-03-05T21:50:07.886371 #1463928]  INFO -- : 
::Element Link::https://www.ancientfaith.comhttps://store.ancientfaith.com::Element Text::Ancient Faith Store::

I, [2026-03-05T21:50:07.886722 #1463928]  INFO -- : 
::Element Link::https://www.ancientfaith.comhttps://www.facebook.com/ancientfaithministries::Element Text::::

I, [2026-03-05T21:50:07.887104 #1463928]  INFO -- : 
::Element Link::https://www.ancientfaith.comhttps://www.youtube.com/@AncientFaithMinistries::Element Text::::

I, [2026-03-05T21:50:07.887598 #1463928]  INFO -- : 
::Element Link::https://www.ancientfaith.comhttps://www.instagram.com/ancientfaithministries/::Element Text::::

I, [2026-03-05T21:50:07.888145 #1463928]  INFO -- : 
::Element Link::https://www.ancientfaith.comhttps://www.tiktok.com/@ancientfaithministries::Element Text::::

I, [2026-03-05T21:50:07.888931 #1463928]  INFO -- : 
::Element Link::https://www.ancientfaith.com/::Element Text::::

I, [2026-03-05T21:50:07.889685 #1463928]  INFO -- : 
::Element Link::https://www.ancientfaith.com/topics/Ancient-Faith-Kids/::Element Text::::

I, [2026-03-05T21:50:07.890304 #1463928]  INFO -- : 
::Element Link::https://www.ancientfaith.comhttps://www.facebook.com/ancientfaithkids::Element Text::::

I, [2026-03-05T21:50:07.890897 #1463928]  INFO -- : 
::Element Link::https://www.ancientfaith.comhttps://www.youtube.com/@ancientfaith4kids::Element Text::::

I, [2026-03-05T21:50:07.891503 #1463928]  INFO -- : 
::Element Link::https://www.ancientfaith.comhttps://www.instagram.com/ancientfaithkids/::Element Text::::

I, [2026-03-05T21:50:07.892267 #1463928]  INFO -- : 
::Element Link::https://www.ancientfaith.comhttps://afm.kindful.com/?campaign=1193135::Element Text::Donate::

I, [2026-03-05T21:50:07.892911 #1463928]  INFO -- : 
::Element Link::https://www.ancientfaith.com::Element Text::Global Music::

I, [2026-03-05T21:50:07.893583 #1463928]  INFO -- : 
::Element Link::https://www.ancientfaith.com::Element Text::English Talk::

I, [2026-03-05T21:50:07.894139 #1463928]  INFO -- : 
::Element Link::https://www.ancientfaith.com::Element Text::English Music::

