# Logfile created on 2026-03-05 21:55:46 -0600 by logger.rb/v1.7.0
I, [2026-03-05T21:55:46.573566 #1467411]  INFO -- : Scraping https://www.ancientfaith.com/podcasts/?sort=latest_episodes
I, [2026-03-05T21:55:47.766575 #1467411]  INFO -- : 
::Element Link::https://www.ancientfaith.com/::Element Text::::

I, [2026-03-05T21:55:47.766953 #1467411]  INFO -- : 
::Element Link::https://www.ancientfaith.com/radio/::Element Text::Radio::

I, [2026-03-05T21:55:47.767247 #1467411]  INFO -- : 
::Element Link::https://www.ancientfaith.com/radio/live-shows/::Element Text::Live Shows::

I, [2026-03-05T21:55:47.768216 #1467411]  INFO -- : 
::Element Link::https://www.ancientfaith.com/podcasts/::Element Text::Podcasts::

I, [2026-03-05T21:55:47.768779 #1467411]  INFO -- : 
::Element Link::https://www.ancientfaith.com/radio/sponsorships/::Element Text::Sponsorships::

I, [2026-03-05T21:55:47.769063 #1467411]  INFO -- : 
::Element Link::https://www.ancientfaith.com/radio/digital-m/::Element Text::Podcast and Digital Media Proposals::

I, [2026-03-05T21:55:47.769311 #1467411]  INFO -- : 
::Element Link::https://www.ancientfaith.com/publishing/::Element Text::Publishing::

I, [2026-03-05T21:55:47.769558 #1467411]  INFO -- : 
::Element Link::https://www.ancientfaith.com/topics/Ancient-Faith-Kids/::Element Text::Kids::

I, [2026-03-05T21:55:47.769803 #1467411]  INFO -- : 
::Element Link::https://www.ancientfaith.com/events/::Element Text::Events::

I, [2026-03-05T21:55:47.770048 #1467411]  INFO -- : 
::Element Link::https://www.ancientfaith.com/support/::Element Text::Support::

I, [2026-03-05T21:55:47.770290 #1467411]  INFO -- : 
::Element Link::https://www.ancientfaith.com/about/::Element Text::About::

I, [2026-03-05T21:55:47.770741 #1467411]  INFO -- : 
::Element Link::https://www.ancientfaith.com/ceo-journal/::Element Text::CEO Journal::

I, [2026-03-05T21:55:47.770995 #1467411]  INFO -- : 
::Element Link::https://www.ancientfaith.comhttps://store.ancientfaith.com/::Element Text::Store::

I, [2026-03-05T21:55:47.771240 #1467411]  INFO -- : 
::Element Link::https://www.ancientfaith.com/login/::Element Text::Login::

I, [2026-03-05T21:55:47.771481 #1467411]  INFO -- : 
::Element Link::https://www.ancientfaith.com/radio/::Element Text::Radio::

I, [2026-03-05T21:55:47.772356 #1467411]  INFO -- : 
::Element Link::https://www.ancientfaith.com/radio/live-shows/::Element Text::Live Shows::

I, [2026-03-05T21:55:47.772768 #1467411]  INFO -- : 
::Element Link::https://www.ancientfaith.com/podcasts/::Element Text::Podcasts::

I, [2026-03-05T21:55:47.773098 #1467411]  INFO -- : 
::Element Link::https://www.ancientfaith.com/radio/sponsorships/::Element Text::Sponsorships::

I, [2026-03-05T21:55:47.773375 #1467411]  INFO -- : 
::Element Link::https://www.ancientfaith.com/radio/digital-m/::Element Text::Podcast and Digital Media Proposals::

I, [2026-03-05T21:55:47.773638 #1467411]  INFO -- : 
::Element Link::https://www.ancientfaith.com/publishing/::Element Text::Publishing::

I, [2026-03-05T21:55:47.774713 #1467411]  INFO -- : 
::Element Link::https://www.ancientfaith.com/topics/Ancient-Faith-Kids/::Element Text::Kids::

I, [2026-03-05T21:55:47.775271 #1467411]  INFO -- : 
::Element Link::https://www.ancientfaith.com/events/::Element Text::Events::

I, [2026-03-05T21:55:47.777037 #1467411]  INFO -- : 
::Element Link::https://www.ancientfaith.com/support/::Element Text::Support::

I, [2026-03-05T21:55:47.778898 #1467411]  INFO -- : 
::Element Link::https://www.ancientfaith.com/about/::Element Text::About::

I, [2026-03-05T21:55:47.779841 #1467411]  INFO -- : 
::Element Link::https://www.ancientfaith.com/ceo-journal/::Element Text::CEO Journal::

I, [2026-03-05T21:55:47.780504 #1467411]  INFO -- : 
::Element Link::https://www.ancientfaith.comhttps://store.ancientfaith.com/::Element Text::Store::

I, [2026-03-05T21:55:47.781749 #1467411]  INFO -- : 
::Element Link::https://www.ancientfaith.com/login/::Element Text::Login::

I, [2026-03-05T21:55:47.783588 #1467411]  INFO -- : 
::Element Link::https://www.ancientfaith.com?filter=daily&sort=latest_episodes::Element Text::Daily Bread::

I, [2026-03-05T21:55:47.783962 #1467411]  INFO -- : 
::Element Link::https://www.ancientfaith.com?filter=kids&sort=latest_episodes::Element Text::Kids::

I, [2026-03-05T21:55:47.784324 #1467411]  INFO -- : 
::Element Link::https://www.ancientfaith.com?filter=live&sort=latest_episodes::Element Text::Live Shows::

I, [2026-03-05T21:55:47.784665 #1467411]  INFO -- : 
::Element Link::https://www.ancientfaith.com?filter=active&sort=latest_episodes::Element Text::Active::

I, [2026-03-05T21:55:47.785028 #1467411]  INFO -- : 
::Element Link::https://www.ancientfaith.com?filter=collections&sort=latest_episodes::Element Text::Collections::

I, [2026-03-05T21:55:47.785639 #1467411]  INFO -- : 
::Element Link::https://www.ancientfaith.com?filter=archived&sort=latest_episodes::Element Text::Archived::

I, [2026-03-05T21:55:47.786130 #1467411]  INFO -- : 
::Element Link::https://www.ancientfaith.com?sort=title::Element Text::Alphabetical::

I, [2026-03-05T21:55:47.786521 #1467411]  INFO -- : 
::Element Link::https://www.ancientfaith.com?sort=title_reverse::Element Text::Reverse Alphabetical::

I, [2026-03-05T21:55:47.787014 #1467411]  INFO -- : 
::Element Link::https://www.ancientfaith.com?sort=entry_date::Element Text::Oldest First::

I, [2026-03-05T21:55:47.787613 #1467411]  INFO -- : 
::Element Link::https://www.ancientfaith.com?sort=entry_date_reverse::Element Text::Newest First::

I, [2026-03-05T21:55:47.788236 #1467411]  INFO -- : 
::Element Link::https://www.ancientfaith.com?sort=latest_episodes::Element Text::Latest Episodes::

I, [2026-03-05T21:55:47.789043 #1467411]  INFO -- : 
::Element Link::https://www.ancientfaith.com/podcasts/greattales/::Element Text::::

I, [2026-03-05T21:55:47.789661 #1467411]  INFO -- : 
::Element Link::https://www.ancientfaith.com/podcasts/greattales/::Element Text::The Great Tales::

I, [2026-03-05T21:55:47.790113 #1467411]  INFO -- : 
::Element Link::https://www.ancientfaith.com/podcasts/greattales/::Element Text::View Episodes::

I, [2026-03-05T21:55:47.790553 #1467411]  INFO -- : 
::Element Link::https://www.ancientfaith.com/podcasts/orthodox-explorers-club/::Element Text::::

I, [2026-03-05T21:55:47.790984 #1467411]  INFO -- : 
::Element Link::https://www.ancientfaith.com/podcasts/orthodox-explorers-club/::Element Text::Orthodox Explorers Club::

I, [2026-03-05T21:55:47.791580 #1467411]  INFO -- : 
::Element Link::https://www.ancientfaith.com/podcasts/orthodox-explorers-club/::Element Text::View Episodes::

I, [2026-03-05T21:55:47.792076 #1467411]  INFO -- : 
::Element Link::https://www.ancientfaith.com/podcasts/the-great-rood-screen/::Element Text::::

I, [2026-03-05T21:55:47.792510 #1467411]  INFO -- : 
::Element Link::https://www.ancientfaith.com/podcasts/the-great-rood-screen/::Element Text::The Great Rood Screen::

I, [2026-03-05T21:55:47.792905 #1467411]  INFO -- : 
::Element Link::https://www.ancientfaith.com/podcasts/the-great-rood-screen/::Element Text::View Episodes::

I, [2026-03-05T21:55:47.793297 #1467411]  INFO -- : 
::Element Link::https://www.ancientfaith.com/podcasts/thepath/::Element Text::::

I, [2026-03-05T21:55:47.793703 #1467411]  INFO -- : 
::Element Link::https://www.ancientfaith.com/podcasts/thepath/::Element Text::The Path::

I, [2026-03-05T21:55:47.794111 #1467411]  INFO -- : 
::Element Link::https://www.ancientfaith.com/podcasts/thepath/::Element Text::View Episodes::

I, [2026-03-05T21:55:47.794571 #1467411]  INFO -- : 
::Element Link::https://www.ancientfaith.com/podcasts/saintoftheday/::Element Text::::

I, [2026-03-05T21:55:47.795135 #1467411]  INFO -- : 
::Element Link::https://www.ancientfaith.com/podcasts/saintoftheday/::Element Text::Saint of the Day::

I, [2026-03-05T21:55:47.795739 #1467411]  INFO -- : 
::Element Link::https://www.ancientfaith.com/podcasts/saintoftheday/::Element Text::View Episodes::

I, [2026-03-05T21:55:47.796422 #1467411]  INFO -- : 
::Element Link::https://www.ancientfaith.com/podcasts/tendingthegarden/::Element Text::::

I, [2026-03-05T21:55:47.797038 #1467411]  INFO -- : 
::Element Link::https://www.ancientfaith.com/podcasts/tendingthegarden/::Element Text::Tending the Garden of our Hearts::

I, [2026-03-05T21:55:47.797849 #1467411]  INFO -- : 
::Element Link::https://www.ancientfaith.com/podcasts/tendingthegarden/::Element Text::View Episodes::

I, [2026-03-05T21:55:47.798472 #1467411]  INFO -- : 
::Element Link::https://www.ancientfaith.com/podcasts/dailyscriptures/::Element Text::::

I, [2026-03-05T21:55:47.799041 #1467411]  INFO -- : 
::Element Link::https://www.ancientfaith.com/podcasts/dailyscriptures/::Element Text::Daily Orthodox Scriptures::

I, [2026-03-05T21:55:47.799580 #1467411]  INFO -- : 
::Element Link::https://www.ancientfaith.com/podcasts/dailyscriptures/::Element Text::View Episodes::

I, [2026-03-05T21:55:47.800337 #1467411]  INFO -- : 
::Element Link::https://www.ancientfaith.com/podcasts/dailyscriptureskids/::Element Text::::

I, [2026-03-05T21:55:47.801139 #1467411]  INFO -- : 
::Element Link::https://www.ancientfaith.com/podcasts/dailyscriptureskids/::Element Text::Daily Orthodox Scriptures for Kids::

I, [2026-03-05T21:55:47.801900 #1467411]  INFO -- : 
::Element Link::https://www.ancientfaith.com/podcasts/dailyscriptureskids/::Element Text::View Episodes::

I, [2026-03-05T21:55:47.803015 #1467411]  INFO -- : 
::Element Link::https://www.ancientfaith.com/podcasts/lightpast/::Element Text::::

I, [2026-03-05T21:55:47.803700 #1467411]  INFO -- : 
::Element Link::https://www.ancientfaith.com/podcasts/lightpast/::Element Text::Light Through the Past::

I, [2026-03-05T21:55:47.804409 #1467411]  INFO -- : 
::Element Link::https://www.ancientfaith.com/podcasts/lightpast/::Element Text::View Episodes::

I, [2026-03-05T21:55:47.804861 #1467411]  INFO -- : 
::Element Link::https://www.ancientfaith.com/podcasts/welcoming-gifts/::Element Text::::

I, [2026-03-05T21:55:47.805224 #1467411]  INFO -- : 
::Element Link::https://www.ancientfaith.com/podcasts/welcoming-gifts/::Element Text::Welcoming Gifts::

I, [2026-03-05T21:55:47.805580 #1467411]  INFO -- : 
::Element Link::https://www.ancientfaith.com/podcasts/welcoming-gifts/::Element Text::View Episodes::

I, [2026-03-05T21:55:47.807861 #1467411]  INFO -- : 
::Element Link::https://www.ancientfaith.com/podcasts/transforminglives/::Element Text::::

I, [2026-03-05T21:55:47.809572 #1467411]  INFO -- : 
::Element Link::https://www.ancientfaith.com/podcasts/transforminglives/::Element Text::Transforming Our Lives in Christ::

I, [2026-03-05T21:55:47.810097 #1467411]  INFO -- : 
::Element Link::https://www.ancientfaith.com/podcasts/transforminglives/::Element Text::View Episodes::

I, [2026-03-05T21:55:47.810427 #1467411]  INFO -- : 
::Element Link::https://www.ancientfaith.com/podcasts/parables/::Element Text::::

I, [2026-03-05T21:55:47.810723 #1467411]  INFO -- : 
::Element Link::https://www.ancientfaith.com/podcasts/parables/::Element Text::Parables of Community::

I, [2026-03-05T21:55:47.811034 #1467411]  INFO -- : 
::Element Link::https://www.ancientfaith.com/podcasts/parables/::Element Text::View Episodes::

I, [2026-03-05T21:55:47.811323 #1467411]  INFO -- : 
::Element Link::https://www.ancientfaith.com/podcasts/easternchristianinsights/::Element Text::::

I, [2026-03-05T21:55:47.811596 #1467411]  INFO -- : 
::Element Link::https://www.ancientfaith.com/podcasts/easternchristianinsights/::Element Text::Eastern Christian Insights::

I, [2026-03-05T21:55:47.811912 #1467411]  INFO -- : 
::Element Link::https://www.ancientfaith.com/podcasts/easternchristianinsights/::Element Text::View Episodes::

I, [2026-03-05T21:55:47.812219 #1467411]  INFO -- : 
::Element Link::https://www.ancientfaith.com/podcasts/nootherfoundation/::Element Text::::

I, [2026-03-05T21:55:47.812486 #1467411]  INFO -- : 
::Element Link::https://www.ancientfaith.com/podcasts/nootherfoundation/::Element Text::No Other Foundation::

I, [2026-03-05T21:55:47.812748 #1467411]  INFO -- : 
::Element Link::https://www.ancientfaith.com/podcasts/nootherfoundation/::Element Text::View Episodes::

I, [2026-03-05T21:55:47.813019 #1467411]  INFO -- : 
::Element Link::https://www.ancientfaith.com/podcasts/wholecounsel/::Element Text::::

I, [2026-03-05T21:55:47.813392 #1467411]  INFO -- : 
::Element Link::https://www.ancientfaith.com/podcasts/wholecounsel/::Element Text::The Whole Counsel of God::

I, [2026-03-05T21:55:47.813741 #1467411]  INFO -- : 
::Element Link::https://www.ancientfaith.com/podcasts/wholecounsel/::Element Text::View Episodes::

I, [2026-03-05T21:55:47.814059 #1467411]  INFO -- : 
::Element Link::https://www.ancientfaith.com/podcasts/digital_discernment/::Element Text::::

I, [2026-03-05T21:55:47.814405 #1467411]  INFO -- : 
::Element Link::https://www.ancientfaith.com/podcasts/digital_discernment/::Element Text::Digital Discernment::

I, [2026-03-05T21:55:47.814764 #1467411]  INFO -- : 
::Element Link::https://www.ancientfaith.com/podcasts/digital_discernment/::Element Text::View Episodes::

I, [2026-03-05T21:55:47.816791 #1467411]  INFO -- : 
::Element Link::https://www.ancientfaith.com/podcasts/fr-andrew-stephen-damick-lectures/::Element Text::::

I, [2026-03-05T21:55:47.818371 #1467411]  INFO -- : 
::Element Link::https://www.ancientfaith.com/podcasts/fr-andrew-stephen-damick-lectures/::Element Text::The Lectures of Fr. Andrew Stephen Damick::

I, [2026-03-05T21:55:47.819380 #1467411]  INFO -- : 
::Element Link::https://www.ancientfaith.com/podcasts/fr-andrew-stephen-damick-lectures/::Element Text::View Episodes::

I, [2026-03-05T21:55:47.820115 #1467411]  INFO -- : 
::Element Link::https://www.ancientfaith.com/podcasts/livewiththelouhs/::Element Text::::

I, [2026-03-05T21:55:47.820767 #1467411]  INFO -- : 
::Element Link::https://www.ancientfaith.com/podcasts/livewiththelouhs/::Element Text::Live with the Louhs::

I, [2026-03-05T21:55:47.821446 #1467411]  INFO -- : 
::Element Link::https://www.ancientfaith.com/podcasts/livewiththelouhs/::Element Text::View Episodes::

I, [2026-03-05T21:55:47.821943 #1467411]  INFO -- : 
::Element Link::https://www.ancientfaith.com/podcasts/aftodaylive/::Element Text::::

I, [2026-03-05T21:55:47.822368 #1467411]  INFO -- : 
::Element Link::https://www.ancientfaith.com/podcasts/aftodaylive/::Element Text::Ancient Faith Today Live::

I, [2026-03-05T21:55:47.822751 #1467411]  INFO -- : 
::Element Link::https://www.ancientfaith.com/podcasts/aftodaylive/::Element Text::View Episodes::

I, [2026-03-05T21:55:47.823150 #1467411]  INFO -- : 
::Element Link::https://www.ancientfaith.com/podcasts/orthodoxpilgrim/::Element Text::::

I, [2026-03-05T21:55:47.823662 #1467411]  INFO -- : 
::Element Link::https://www.ancientfaith.com/podcasts/orthodoxpilgrim/::Element Text::The Orthodox Pilgrim::

I, [2026-03-05T21:55:47.824250 #1467411]  INFO -- : 
::Element Link::https://www.ancientfaith.com/podcasts/orthodoxpilgrim/::Element Text::View Episodes::

I, [2026-03-05T21:55:47.824875 #1467411]  INFO -- : 
::Element Link::https://www.ancientfaith.com/podcasts/sacramental/::Element Text::::

I, [2026-03-05T21:55:47.825393 #1467411]  INFO -- : 
::Element Link::https://www.ancientfaith.com/podcasts/sacramental/::Element Text::Sacramental Living::

I, [2026-03-05T21:55:47.825821 #1467411]  INFO -- : 
::Element Link::https://www.ancientfaith.com/podcasts/sacramental/::Element Text::View Episodes::

I, [2026-03-05T21:55:47.826379 #1467411]  INFO -- : 
::Element Link::https://www.ancientfaith.com/podcasts/lordofspirits/::Element Text::::

I, [2026-03-05T21:55:47.826952 #1467411]  INFO -- : 
::Element Link::https://www.ancientfaith.com/podcasts/lordofspirits/::Element Text::The Lord of Spirits::

I, [2026-03-05T21:55:47.827385 #1467411]  INFO -- : 
::Element Link::https://www.ancientfaith.com/podcasts/lordofspirits/::Element Text::View Episodes::

I, [2026-03-05T21:55:47.827787 #1467411]  INFO -- : 
::Element Link::https://www.ancientfaith.com/podcasts/searchthescriptureslive/::Element Text::::

I, [2026-03-05T21:55:47.828197 #1467411]  INFO -- : 
::Element Link::https://www.ancientfaith.com/podcasts/searchthescriptureslive/::Element Text::Search the Scriptures Live::

I, [2026-03-05T21:55:47.828531 #1467411]  INFO -- : 
::Element Link::https://www.ancientfaith.com/podcasts/searchthescriptureslive/::Element Text::View Episodes::

I, [2026-03-05T21:55:47.828876 #1467411]  INFO -- : 
::Element Link::https://www.ancientfaith.com/podcasts/the_roots_of_everything/::Element Text::::

I, [2026-03-05T21:55:47.829206 #1467411]  INFO -- : 
::Element Link::https://www.ancientfaith.com/podcasts/the_roots_of_everything/::Element Text::The Roots of Everything::

I, [2026-03-05T21:55:47.829573 #1467411]  INFO -- : 
::Element Link::https://www.ancientfaith.com/podcasts/the_roots_of_everything/::Element Text::View Episodes::

I, [2026-03-05T21:55:47.829967 #1467411]  INFO -- : 
::Element Link::https://www.ancientfaith.com/podcasts/divineliturgy/::Element Text::::

I, [2026-03-05T21:55:47.830347 #1467411]  INFO -- : 
::Element Link::https://www.ancientfaith.com/podcasts/divineliturgy/::Element Text::The Divine Liturgy::

I, [2026-03-05T21:55:47.830781 #1467411]  INFO -- : 
::Element Link::https://www.ancientfaith.com/podcasts/divineliturgy/::Element Text::View Episodes::

I, [2026-03-05T21:55:47.831121 #1467411]  INFO -- : 
::Element Link::https://www.ancientfaith.com/podcasts/orthodoxylive/::Element Text::::

I, [2026-03-05T21:55:47.831467 #1467411]  INFO -- : 
::Element Link::https://www.ancientfaith.com/podcasts/orthodoxylive/::Element Text::Orthodoxy Live::

I, [2026-03-05T21:55:47.831824 #1467411]  INFO -- : 
::Element Link::https://www.ancientfaith.com/podcasts/orthodoxylive/::Element Text::View Episodes::

I, [2026-03-05T21:55:47.832142 #1467411]  INFO -- : 
::Element Link::https://www.ancientfaith.com/podcasts/letusattend/::Element Text::::

I, [2026-03-05T21:55:47.832663 #1467411]  INFO -- : 
::Element Link::https://www.ancientfaith.com/podcasts/letusattend/::Element Text::Let Us Attend::

I, [2026-03-05T21:55:47.833201 #1467411]  INFO -- : 
::Element Link::https://www.ancientfaith.com/podcasts/letusattend/::Element Text::View Episodes::

I, [2026-03-05T21:55:47.833756 #1467411]  INFO -- : 
::Element Link::https://www.ancientfaith.com/podcasts/healingunresolved/::Element Text::::

I, [2026-03-05T21:55:47.834265 #1467411]  INFO -- : 
::Element Link::https://www.ancientfaith.com/podcasts/healingunresolved/::Element Text::Healing the Unresolved::

I, [2026-03-05T21:55:47.834751 #1467411]  INFO -- : 
::Element Link::https://www.ancientfaith.com/podcasts/healingunresolved/::Element Text::View Episodes::

I, [2026-03-05T21:55:47.835274 #1467411]  INFO -- : 
::Element Link::https://www.ancientfaith.com/podcasts/comeandsee/::Element Text::::

I, [2026-03-05T21:55:47.835772 #1467411]  INFO -- : 
::Element Link::https://www.ancientfaith.com/podcasts/comeandsee/::Element Text::Come and See::

I, [2026-03-05T21:55:47.836318 #1467411]  INFO -- : 
::Element Link::https://www.ancientfaith.com/podcasts/comeandsee/::Element Text::View Episodes::

I, [2026-03-05T21:55:47.836798 #1467411]  INFO -- : 
::Element Link::https://www.ancientfaith.com/podcasts/areopagus/::Element Text::::

I, [2026-03-05T21:55:47.837327 #1467411]  INFO -- : 
::Element Link::https://www.ancientfaith.com/podcasts/areopagus/::Element Text::The Areopagus::

I, [2026-03-05T21:55:47.837758 #1467411]  INFO -- : 
::Element Link::https://www.ancientfaith.com/podcasts/areopagus/::Element Text::View Episodes::

I, [2026-03-05T21:55:47.838643 #1467411]  INFO -- : 
::Element Link::https://www.ancientfaith.com/workwithus/::Element Text::Work With Us::

I, [2026-03-05T21:55:47.839310 #1467411]  INFO -- : 
::Element Link::https://www.ancientfaith.com/about/::Element Text::About::

I, [2026-03-05T21:55:47.840015 #1467411]  INFO -- : 
::Element Link::https://www.ancientfaith.com/support/::Element Text::Donate::

I, [2026-03-05T21:55:47.840607 #1467411]  INFO -- : 
::Element Link::https://www.ancientfaith.com/about/::Element Text::Contact::

I, [2026-03-05T21:55:47.841146 #1467411]  INFO -- : 
::Element Link::https://www.ancientfaith.comhttps://store.ancientfaith.com::Element Text::Ancient Faith Store::

I, [2026-03-05T21:55:47.841632 #1467411]  INFO -- : 
::Element Link::https://www.ancientfaith.comhttps://www.facebook.com/ancientfaithministries::Element Text::::

I, [2026-03-05T21:55:47.842088 #1467411]  INFO -- : 
::Element Link::https://www.ancientfaith.comhttps://www.youtube.com/@AncientFaithMinistries::Element Text::::

I, [2026-03-05T21:55:47.842518 #1467411]  INFO -- : 
::Element Link::https://www.ancientfaith.comhttps://www.instagram.com/ancientfaithministries/::Element Text::::

I, [2026-03-05T21:55:47.842900 #1467411]  INFO -- : 
::Element Link::https://www.ancientfaith.comhttps://www.tiktok.com/@ancientfaithministries::Element Text::::

I, [2026-03-05T21:55:47.843250 #1467411]  INFO -- : 
::Element Link::https://www.ancientfaith.com/::Element Text::::

I, [2026-03-05T21:55:47.843587 #1467411]  INFO -- : 
::Element Link::https://www.ancientfaith.com/topics/Ancient-Faith-Kids/::Element Text::::

I, [2026-03-05T21:55:47.843980 #1467411]  INFO -- : 
::Element Link::https://www.ancientfaith.comhttps://www.facebook.com/ancientfaithkids::Element Text::::

I, [2026-03-05T21:55:47.844771 #1467411]  INFO -- : 
::Element Link::https://www.ancientfaith.comhttps://www.youtube.com/@ancientfaith4kids::Element Text::::

I, [2026-03-05T21:55:47.845460 #1467411]  INFO -- : 
::Element Link::https://www.ancientfaith.comhttps://www.instagram.com/ancientfaithkids/::Element Text::::

I, [2026-03-05T21:55:47.845971 #1467411]  INFO -- : 
::Element Link::https://www.ancientfaith.comhttps://afm.kindful.com/?campaign=1193135::Element Text::Donate::

I, [2026-03-05T21:55:47.846438 #1467411]  INFO -- : 
::Element Link::https://www.ancientfaith.com::Element Text::Global Music::

I, [2026-03-05T21:55:47.846829 #1467411]  INFO -- : 
::Element Link::https://www.ancientfaith.com::Element Text::English Talk::

I, [2026-03-05T21:55:47.847167 #1467411]  INFO -- : 
::Element Link::https://www.ancientfaith.com::Element Text::English Music::

