# Logfile created on 2026-03-06 09:56:46 -0600 by logger.rb/v1.7.0
I, [2026-03-06T09:56:46.893565 #1771495]  INFO -- : Scraping https://www.ancientfaith.com/podcasts/?sort=latest_episodes
I, [2026-03-06T09:56:47.855484 #1771495]  INFO -- : 
::Element Link::https://www.ancientfaith.com::Element Text::Global Music::

I, [2026-03-06T09:56:47.855673 #1771495]  INFO -- : 
::Element Link::https://www.ancientfaith.com::Element Text::English Talk::

I, [2026-03-06T09:56:47.855714 #1771495]  INFO -- : 
::Element Link::https://www.ancientfaith.com::Element Text::English Music::

I, [2026-03-06T09:56:47.855736 #1771495]  INFO -- : 
::Element Link::https://www.ancientfaith.com/about/::Element Text::About::

I, [2026-03-06T09:56:47.855761 #1771495]  INFO -- : 
::Element Link::https://www.ancientfaith.com/about/::Element Text::Contact::

I, [2026-03-06T09:56:47.855780 #1771495]  INFO -- : 
::Element Link::https://www.ancientfaith.com/ceo-journal/::Element Text::CEO Journal::

I, [2026-03-06T09:56:47.855797 #1771495]  INFO -- : 
::Element Link::https://www.ancientfaith.com/events/::Element Text::Events::

I, [2026-03-06T09:56:47.855867 #1771495]  INFO -- : 
::Element Link::https://www.ancientfaith.com/login/::Element Text::Login::

I, [2026-03-06T09:56:47.855892 #1771495]  INFO -- : 
::Element Link::https://www.ancientfaith.com/podcasts/::Element Text::Podcasts::

I, [2026-03-06T09:56:47.855910 #1771495]  INFO -- : 
::Element Link::https://www.ancientfaith.com/podcasts/aftodaylive/::Element Text::Ancient Faith Today Live::

I, [2026-03-06T09:56:47.855924 #1771495]  INFO -- : 
::Element Link::https://www.ancientfaith.com/podcasts/dailyscriptures/::Element Text::Daily Orthodox Scriptures::

I, [2026-03-06T09:56:47.855942 #1771495]  INFO -- : 
::Element Link::https://www.ancientfaith.com/podcasts/dailyscriptureskids/::Element Text::Daily Orthodox Scriptures for Kids::

I, [2026-03-06T09:56:47.855958 #1771495]  INFO -- : 
::Element Link::https://www.ancientfaith.com/podcasts/digital_discernment/::Element Text::Digital Discernment::

I, [2026-03-06T09:56:47.855972 #1771495]  INFO -- : 
::Element Link::https://www.ancientfaith.com/podcasts/divineliturgy/::Element Text::The Divine Liturgy::

I, [2026-03-06T09:56:47.855992 #1771495]  INFO -- : 
::Element Link::https://www.ancientfaith.com/podcasts/easternchristianinsights/::Element Text::Eastern Christian Insights::

I, [2026-03-06T09:56:47.856015 #1771495]  INFO -- : 
::Element Link::https://www.ancientfaith.com/podcasts/fr-andrew-stephen-damick-lectures/::Element Text::The Lectures of Fr. Andrew Stephen Damick::

I, [2026-03-06T09:56:47.856032 #1771495]  INFO -- : 
::Element Link::https://www.ancientfaith.com/podcasts/greattales/::Element Text::The Great Tales::

I, [2026-03-06T09:56:47.856050 #1771495]  INFO -- : 
::Element Link::https://www.ancientfaith.com/podcasts/healingunresolved/::Element Text::Healing the Unresolved::

I, [2026-03-06T09:56:47.856207 #1771495]  INFO -- : 
::Element Link::https://www.ancientfaith.com/podcasts/lampfortoday/::Element Text::A Lamp for Today::

I, [2026-03-06T09:56:47.856249 #1771495]  INFO -- : 
::Element Link::https://www.ancientfaith.com/podcasts/letusattend/::Element Text::Let Us Attend::

I, [2026-03-06T09:56:47.856273 #1771495]  INFO -- : 
::Element Link::https://www.ancientfaith.com/podcasts/lightpast/::Element Text::Light Through the Past::

I, [2026-03-06T09:56:47.856289 #1771495]  INFO -- : 
::Element Link::https://www.ancientfaith.com/podcasts/livewiththelouhs/::Element Text::Live with the Louhs::

I, [2026-03-06T09:56:47.856303 #1771495]  INFO -- : 
::Element Link::https://www.ancientfaith.com/podcasts/lordofspirits/::Element Text::The Lord of Spirits::

I, [2026-03-06T09:56:47.856319 #1771495]  INFO -- : 
::Element Link::https://www.ancientfaith.com/podcasts/nootherfoundation/::Element Text::No Other Foundation::

I, [2026-03-06T09:56:47.856338 #1771495]  INFO -- : 
::Element Link::https://www.ancientfaith.com/podcasts/orthodox-explorers-club/::Element Text::Orthodox Explorers Club::

I, [2026-03-06T09:56:47.856355 #1771495]  INFO -- : 
::Element Link::https://www.ancientfaith.com/podcasts/orthodoxpilgrim/::Element Text::The Orthodox Pilgrim::

I, [2026-03-06T09:56:47.856380 #1771495]  INFO -- : 
::Element Link::https://www.ancientfaith.com/podcasts/orthodoxylive/::Element Text::Orthodoxy Live::

I, [2026-03-06T09:56:47.856398 #1771495]  INFO -- : 
::Element Link::https://www.ancientfaith.com/podcasts/parables/::Element Text::Parables of Community::

I, [2026-03-06T09:56:47.856416 #1771495]  INFO -- : 
::Element Link::https://www.ancientfaith.com/podcasts/sacramental/::Element Text::Sacramental Living::

I, [2026-03-06T09:56:47.856430 #1771495]  INFO -- : 
::Element Link::https://www.ancientfaith.com/podcasts/saintoftheday/::Element Text::Saint of the Day::

I, [2026-03-06T09:56:47.856442 #1771495]  INFO -- : 
::Element Link::https://www.ancientfaith.com/podcasts/searchthescriptureslive/::Element Text::Search the Scriptures Live::

I, [2026-03-06T09:56:47.856457 #1771495]  INFO -- : 
::Element Link::https://www.ancientfaith.com/podcasts/simplepath/::Element Text::The Simple Path to God::

I, [2026-03-06T09:56:47.856473 #1771495]  INFO -- : 
::Element Link::https://www.ancientfaith.com/podcasts/tendingthegarden/::Element Text::Tending the Garden of our Hearts::

I, [2026-03-06T09:56:47.856489 #1771495]  INFO -- : 
::Element Link::https://www.ancientfaith.com/podcasts/the-great-rood-screen/::Element Text::The Great Rood Screen::

I, [2026-03-06T09:56:47.856504 #1771495]  INFO -- : 
::Element Link::https://www.ancientfaith.com/podcasts/the_roots_of_everything/::Element Text::The Roots of Everything::

I, [2026-03-06T09:56:47.856517 #1771495]  INFO -- : 
::Element Link::https://www.ancientfaith.com/podcasts/thepath/::Element Text::The Path::

I, [2026-03-06T09:56:47.856533 #1771495]  INFO -- : 
::Element Link::https://www.ancientfaith.com/podcasts/transforminglives/::Element Text::Transforming Our Lives in Christ::

I, [2026-03-06T09:56:47.856551 #1771495]  INFO -- : 
::Element Link::https://www.ancientfaith.com/podcasts/welcoming-gifts/::Element Text::Welcoming Gifts::

I, [2026-03-06T09:56:47.856567 #1771495]  INFO -- : 
::Element Link::https://www.ancientfaith.com/podcasts/wholecounsel/::Element Text::The Whole Counsel of God::

I, [2026-03-06T09:56:47.856584 #1771495]  INFO -- : 
::Element Link::https://www.ancientfaith.com/publishing/::Element Text::Publishing::

I, [2026-03-06T09:56:47.856600 #1771495]  INFO -- : 
::Element Link::https://www.ancientfaith.com/radio/::Element Text::Radio::

I, [2026-03-06T09:56:47.856620 #1771495]  INFO -- : 
::Element Link::https://www.ancientfaith.com/radio/digital-m/::Element Text::Podcast and Digital Media Proposals::

I, [2026-03-06T09:56:47.856634 #1771495]  INFO -- : 
::Element Link::https://www.ancientfaith.com/radio/live-shows/::Element Text::Live Shows::

I, [2026-03-06T09:56:47.856651 #1771495]  INFO -- : 
::Element Link::https://www.ancientfaith.com/radio/sponsorships/::Element Text::Sponsorships::

I, [2026-03-06T09:56:47.856666 #1771495]  INFO -- : 
::Element Link::https://www.ancientfaith.com/support/::Element Text::Support::

I, [2026-03-06T09:56:47.856680 #1771495]  INFO -- : 
::Element Link::https://www.ancientfaith.com/support/::Element Text::Donate::

I, [2026-03-06T09:56:47.856698 #1771495]  INFO -- : 
::Element Link::https://www.ancientfaith.com/topics/Ancient-Faith-Kids/::Element Text::Kids::

I, [2026-03-06T09:56:47.856715 #1771495]  INFO -- : 
::Element Link::https://www.ancientfaith.com/workwithus/::Element Text::Work With Us::

I, [2026-03-06T09:56:47.856736 #1771495]  INFO -- : 
::Element Link::https://www.ancientfaith.com?filter=active&sort=latest_episodes::Element Text::Active::

I, [2026-03-06T09:56:47.856751 #1771495]  INFO -- : 
::Element Link::https://www.ancientfaith.com?filter=archived&sort=latest_episodes::Element Text::Archived::

I, [2026-03-06T09:56:47.856765 #1771495]  INFO -- : 
::Element Link::https://www.ancientfaith.com?filter=collections&sort=latest_episodes::Element Text::Collections::

I, [2026-03-06T09:56:47.856781 #1771495]  INFO -- : 
::Element Link::https://www.ancientfaith.com?filter=daily&sort=latest_episodes::Element Text::Daily Bread::

I, [2026-03-06T09:56:47.856798 #1771495]  INFO -- : 
::Element Link::https://www.ancientfaith.com?filter=kids&sort=latest_episodes::Element Text::Kids::

I, [2026-03-06T09:56:47.856819 #1771495]  INFO -- : 
::Element Link::https://www.ancientfaith.com?filter=live&sort=latest_episodes::Element Text::Live Shows::

I, [2026-03-06T09:56:47.856836 #1771495]  INFO -- : 
::Element Link::https://www.ancientfaith.com?sort=entry_date::Element Text::Oldest First::

I, [2026-03-06T09:56:47.856851 #1771495]  INFO -- : 
::Element Link::https://www.ancientfaith.com?sort=entry_date_reverse::Element Text::Newest First::

I, [2026-03-06T09:56:47.856866 #1771495]  INFO -- : 
::Element Link::https://www.ancientfaith.com?sort=latest_episodes::Element Text::Latest Episodes::

I, [2026-03-06T09:56:47.856880 #1771495]  INFO -- : 
::Element Link::https://www.ancientfaith.com?sort=title::Element Text::Alphabetical::

I, [2026-03-06T09:56:47.856894 #1771495]  INFO -- : 
::Element Link::https://www.ancientfaith.com?sort=title_reverse::Element Text::Reverse Alphabetical::

I, [2026-03-06T09:56:47.856910 #1771495]  INFO -- : 
::Element Link::https://www.ancientfaith.comhttps://afm.kindful.com/?campaign=1193135::Element Text::Donate::

I, [2026-03-06T09:56:47.856924 #1771495]  INFO -- : 
::Element Link::https://www.ancientfaith.comhttps://store.ancientfaith.com::Element Text::Ancient Faith Store::

I, [2026-03-06T09:56:47.856940 #1771495]  INFO -- : 
::Element Link::https://www.ancientfaith.comhttps://store.ancientfaith.com/::Element Text::Store::

