I, [2022-11-26T20:27:39.186479 #19364]  INFO -- : INSERTING VALUES: ["https://www.ancientfaith.com/podcasts/afdocumentaries", "Ancient Faith Documentaries"]}
I, [2022-11-26T20:27:39.219946 #19364]  INFO -- : INSERTING VALUES: ["https://www.ancientfaith.com/podcasts/aftoday", "Ancient Faith Today"]}
I, [2022-11-26T20:27:39.272830 #19364]  INFO -- : INSERTING VALUES: ["https://www.ancientfaith.com/podcasts/aftodaylive", "Ancient Faith Today Live"]}
I, [2022-11-26T20:27:39.309051 #19364]  INFO -- : INSERTING VALUES: ["https://www.ancientfaith.com/podcasts/aftodaylive/the_orthodox_volunteer_corps_check_in", "The Orthodox Volunteer Corps Check In"]}
I, [2022-11-26T20:27:39.348652 #19364]  INFO -- : INSERTING VALUES: ["https://www.ancientfaith.com/podcasts/allsaints", "All Saints Homilies"]}
I, [2022-11-26T20:27:39.387638 #19364]  INFO -- : INSERTING VALUES: ["https://www.ancientfaith.com/podcasts/allsaints/the_gracious_bounty_of_the_father", "The Gracious Bounty of the Father"]}
I, [2022-11-26T20:27:39.421167 #19364]  INFO -- : INSERTING VALUES: ["https://www.ancientfaith.com/podcasts/allthesethings", "All These Things"]}
I, [2022-11-26T20:27:39.462480 #19364]  INFO -- : INSERTING VALUES: ["https://www.ancientfaith.com/podcasts/amonsul", "Amon Sûl"]}
I, [2022-11-26T20:27:39.494933 #19364]  INFO -- : INSERTING VALUES: ["https://www.ancientfaith.com/podcasts/amonsul/078_durins_day", "078 - Durin’s Day"]}
I, [2022-11-26T20:27:39.536749 #19364]  INFO -- : INSERTING VALUES: ["https://www.ancientfaith.com/podcasts/amvon", "From the Amvon"]}
I, [2022-11-26T20:27:39.572825 #19364]  INFO -- : INSERTING VALUES: ["https://www.ancientfaith.com/podcasts/amvon/the_woman_with_an_issue_of_blood", "The Woman with an Issue of Blood"]}
I, [2022-11-26T20:27:39.610270 #19364]  INFO -- : INSERTING VALUES: ["https://www.ancientfaith.com/podcasts/areopagus", "The Areopagus"]}
I, [2022-11-26T20:27:39.651789 #19364]  INFO -- : INSERTING VALUES: ["https://www.ancientfaith.com/podcasts/asceticlives", "The Ascetic Lives of Mothers"]}
I, [2022-11-26T20:27:39.696008 #19364]  INFO -- : INSERTING VALUES: ["https://www.ancientfaith.com/podcasts/badbooks", "Bad Books of the Bible"]}
I, [2022-11-26T20:27:39.733078 #19364]  INFO -- : INSERTING VALUES: ["https://www.ancientfaith.com/podcasts/badbooks/wisdom_1112_gods_patience_on_display", "Wisdom 11–12: God’s Patience on Display"]}
I, [2022-11-26T20:27:39.765462 #19364]  INFO -- : INSERTING VALUES: ["https://www.ancientfaith.com/podcasts/badbooks/wisdom_1314_looking_for_god_in_all_the_wrong_places", "Wisdom 13–14: Looking for God in all the Wrong Places"]}
I, [2022-11-26T20:27:39.799287 #19364]  INFO -- : INSERTING VALUES: ["https://www.ancientfaith.com/podcasts/badbooks/wisdom_of_solomon_chapters_13_and_14", "Wisdom of Solomon, Chapters 13 and 14"]}
I, [2022-11-26T20:27:39.832769 #19364]  INFO -- : INSERTING VALUES: ["https://www.ancientfaith.com/podcasts/battlefield", "On the Battlefield"]}
I, [2022-11-26T20:27:39.873519 #19364]  INFO -- : INSERTING VALUES: ["https://www.ancientfaith.com/podcasts/battlefield/unbridled_consumption", "Unbridled Consumption"]}
I, [2022-11-26T20:27:39.906728 #19364]  INFO -- : INSERTING VALUES: ["https://www.ancientfaith.com/podcasts/bethebee", "Be the Bee"]}
I, [2022-11-26T20:27:39.939503 #19364]  INFO -- : INSERTING VALUES: ["https://www.ancientfaith.com/podcasts/cambridge", "The Cambridge Orthodox Forum"]}
I, [2022-11-26T20:27:39.986977 #19364]  INFO -- : INSERTING VALUES: ["https://www.ancientfaith.com/podcasts/certainkingdom", "In a Certain Kingdom"]}
I, [2022-11-26T20:27:40.019883 #19364]  INFO -- : INSERTING VALUES: ["https://www.ancientfaith.com/podcasts/chapters", "Chapters"]}
I, [2022-11-26T20:27:40.051051 #19364]  INFO -- : INSERTING VALUES: ["https://www.ancientfaith.com/podcasts/christianending", "A Christian Ending"]}
I, [2022-11-26T20:27:40.082023 #19364]  INFO -- : INSERTING VALUES: ["https://www.ancientfaith.com/podcasts/comeandsee", "Come and See"]}
I, [2022-11-26T20:27:40.122222 #19364]  INFO -- : INSERTING VALUES: ["https://www.ancientfaith.com/podcasts/commentaries", "Ancient Faith Commentaries"]}
I, [2022-11-26T20:27:40.154101 #19364]  INFO -- : INSERTING VALUES: ["https://www.ancientfaith.com/podcasts/dailyscriptures", "Daily Orthodox Scriptures"]}
I, [2022-11-26T20:27:40.183973 #19364]  INFO -- : INSERTING VALUES: ["https://www.ancientfaith.com/podcasts/dailyscriptures/november_25_2022", "November 25, 2022"]}
I, [2022-11-26T20:27:40.216844 #19364]  INFO -- : INSERTING VALUES: ["https://www.ancientfaith.com/podcasts/dailyscriptures/november_26_2022", "November 26, 2022"]}
I, [2022-11-26T20:27:40.251242 #19364]  INFO -- : INSERTING VALUES: ["https://www.ancientfaith.com/podcasts/dailyscriptureskids", "Daily Orthodox Scriptures for Kids"]}
I, [2022-11-26T20:27:40.285779 #19364]  INFO -- : INSERTING VALUES: ["https://www.ancientfaith.com/podcasts/dailyscriptureskids/november_25_2022", "November 25, 2022"]}
I, [2022-11-26T20:27:40.320116 #19364]  INFO -- : INSERTING VALUES: ["https://www.ancientfaith.com/podcasts/dailyscriptureskids/november_26_2022", "November 26, 2022"]}
I, [2022-11-26T20:27:40.352773 #19364]  INFO -- : INSERTING VALUES: ["https://www.ancientfaith.com/podcasts/divineliturgy", "The Divine Liturgy"]}
I, [2022-11-26T20:27:40.384744 #19364]  INFO -- : INSERTING VALUES: ["https://www.ancientfaith.com/podcasts/easternchristianinsights", "Eastern Christian Insights"]}
I, [2022-11-26T20:27:40.414875 #19364]  INFO -- : INSERTING VALUES: ["https://www.ancientfaith.com/podcasts/eastwest", "At the Intersection of East and West"]}
I, [2022-11-26T20:27:40.446458 #19364]  INFO -- : INSERTING VALUES: ["https://www.ancientfaith.com/podcasts/emmaus", "Roads From Emmaus"]}
I, [2022-11-26T20:27:40.478978 #19364]  INFO -- : INSERTING VALUES: ["https://www.ancientfaith.com/podcasts/everydayorthodox", "Everyday Orthodox"]}
I, [2022-11-26T20:27:40.512102 #19364]  INFO -- : INSERTING VALUES: ["https://www.ancientfaith.com/podcasts/everydayorthodox/meet_nazo_zakkak", "Meet Nazo Zakkak"]}
I, [2022-11-26T20:27:40.543109 #19364]  INFO -- : INSERTING VALUES: ["https://www.ancientfaith.com/podcasts/everythought", "Every Thought Captive"]}
I, [2022-11-26T20:27:40.575049 #19364]  INFO -- : INSERTING VALUES: ["https://www.ancientfaith.com/podcasts/everythought/the_destructive_lie_of_ideology_solzhenitsyns_the_gulag_archipelago_part_1", "The Destructive Lie of Ideology: Solzhenitsyn’s The Gulag Archipelago - Part 1"]}
I, [2022-11-26T20:27:40.606829 #19364]  INFO -- : INSERTING VALUES: ["https://www.ancientfaith.com/podcasts/exlibris", "Ex Libris"]}
I, [2022-11-26T20:27:40.640068 #19364]  INFO -- : INSERTING VALUES: ["https://www.ancientfaith.com/podcasts/faithencouraged", "Faith Encouraged"]}
I, [2022-11-26T20:27:40.673452 #19364]  INFO -- : INSERTING VALUES: ["https://www.ancientfaith.com/podcasts/faithencouragedlive", "Faith Encouraged Live"]}
I, [2022-11-26T20:27:40.707361 #19364]  INFO -- : INSERTING VALUES: ["https://www.ancientfaith.com/podcasts/familymatters", "Family Matters"]}
I, [2022-11-26T20:27:40.740633 #19364]  INFO -- : INSERTING VALUES: ["https://www.ancientfaith.com/podcasts/features", "Ancient Faith Presents…"]}
I, [2022-11-26T20:27:40.776142 #19364]  INFO -- : INSERTING VALUES: ["https://www.ancientfaith.com/podcasts/features", "Ancient Faith Presents..."]}
I, [2022-11-26T20:27:40.809734 #19364]  INFO -- : INSERTING VALUES: ["https://www.ancientfaith.com/podcasts/features/from_communism_to_christ_metropolitan_john_of_korce", "From Communism to Christ - Metropolitan John of Korce"]}
I, [2022-11-26T20:27:40.847375 #19364]  INFO -- : INSERTING VALUES: ["https://www.ancientfaith.com/podcasts/filledwithless", "Filled with Less"]}
I, [2022-11-26T20:27:40.880807 #19364]  INFO -- : INSERTING VALUES: ["https://www.ancientfaith.com/podcasts/filledwithless/filled_with_less_november_2022", "Filled with Less - November 2022"]}
I, [2022-11-26T20:27:40.911779 #19364]  INFO -- : INSERTING VALUES: ["https://www.ancientfaith.com/podcasts/foodfaithfasting", "Food, Faith, and Fasting"]}
I, [2022-11-26T20:27:40.955538 #19364]  INFO -- : INSERTING VALUES: ["https://www.ancientfaith.com/podcasts/foodfreedom", "Food Freedom Through Christ"]}
I, [2022-11-26T20:27:40.987080 #19364]  INFO -- : INSERTING VALUES: ["https://www.ancientfaith.com/podcasts/foodfreedom/keeping_the_spirit_of_the_advent_fast_this_thanksgiving", "Keeping the Spirit of the Advent Fast this Thanksgiving"]}
I, [2022-11-26T20:27:41.020732 #19364]  INFO -- : INSERTING VALUES: ["https://www.ancientfaith.com/podcasts/frederica", "Frederica Here and Now"]}
I, [2022-11-26T20:27:41.053497 #19364]  INFO -- : INSERTING VALUES: ["https://www.ancientfaith.com/podcasts/freedom", "Finding the Freedom to Live"]}
I, [2022-11-26T20:27:41.083878 #19364]  INFO -- : INSERTING VALUES: ["https://www.ancientfaith.com/podcasts/freeman", "Glory to God"]}
I, [2022-11-26T20:27:41.113850 #19364]  INFO -- : INSERTING VALUES: ["https://www.ancientfaith.com/podcasts/givemeaword", "Give Me a Word"]}
I, [2022-11-26T20:27:41.146626 #19364]  INFO -- : INSERTING VALUES: ["https://www.ancientfaith.com/podcasts/givemeaword/moved_with_compassion", "Moved with Compassion"]}
I, [2022-11-26T20:27:41.178674 #19364]  INFO -- : INSERTING VALUES: ["https://www.ancientfaith.com/podcasts/glorificando", "Glorificando a Dios Diariamente"]}
I, [2022-11-26T20:27:41.210365 #19364]  INFO -- : INSERTING VALUES: ["https://www.ancientfaith.com/podcasts/goodguys", "Good Guys Wear Black"]}
I, [2022-11-26T20:27:41.241285 #19364]  INFO -- : INSERTING VALUES: ["https://www.ancientfaith.com/podcasts/gracehereandnow", "Grace Here and Now"]}
I, [2022-11-26T20:27:41.279019 #19364]  INFO -- : INSERTING VALUES: ["https://www.ancientfaith.com/podcasts/grapevine", "Readings from Under the Grapevine"]}
I, [2022-11-26T20:27:41.332770 #19364]  INFO -- : INSERTING VALUES: ["https://www.ancientfaith.com/podcasts/hastalagloria", "Hasta la Gloria"]}
I, [2022-11-26T20:27:41.363089 #19364]  INFO -- : INSERTING VALUES: ["https://www.ancientfaith.com/podcasts/healingaddictions", "Healing Addictions"]}
I, [2022-11-26T20:27:41.397200 #19364]  INFO -- : INSERTING VALUES: ["https://www.ancientfaith.com/podcasts/healingaddictions2", "Healing Addictions II"]}
I, [2022-11-26T20:27:41.441658 #19364]  INFO -- : INSERTING VALUES: ["https://www.ancientfaith.com/podcasts/healingpresence", "Becoming a Healing Presence"]}
I, [2022-11-26T20:27:41.481757 #19364]  INFO -- : INSERTING VALUES: ["https://www.ancientfaith.com/podcasts/healingunresolved", "Healing the Unresolved"]}
I, [2022-11-26T20:27:41.512961 #19364]  INFO -- : INSERTING VALUES: ["https://www.ancientfaith.com/podcasts/healthysouls", "Healthy Souls"]}
I, [2022-11-26T20:27:41.556325 #19364]  INFO -- : INSERTING VALUES: ["https://www.ancientfaith.com/podcasts/hearts_and_minds", "Hearts and Minds"]}
I, [2022-11-26T20:27:41.599865 #19364]  INFO -- : INSERTING VALUES: ["https://www.ancientfaith.com/podcasts/hearts_and_minds/entrance_of_the_theotokos", "Entrance of the Theotokos"]}
I, [2022-11-26T20:27:41.639467 #19364]  INFO -- : INSERTING VALUES: ["https://www.ancientfaith.com/podcasts/hiddensaints", "Hidden Saints"]}
I, [2022-11-26T20:27:41.670704 #19364]  INFO -- : INSERTING VALUES: ["https://www.ancientfaith.com/podcasts/hiddensaints/varlaam_of_the_kiev_caves_nov_19", "Varlaam of the Kiev Caves (nov 19)"]}
I, [2022-11-26T20:27:41.705815 #19364]  INFO -- : INSERTING VALUES: ["https://www.ancientfaith.com/podcasts/history", "American Orthodox History"]}
I, [2022-11-26T20:27:41.737450 #19364]  INFO -- : INSERTING VALUES: ["https://www.ancientfaith.com/podcasts/hmhs", "Healthy Minds Healthy Souls"]}
I, [2022-11-26T20:27:41.768166 #19364]  INFO -- : INSERTING VALUES: ["https://www.ancientfaith.com/podcasts/holyfathers", "A Word from the Holy Fathers"]}
I, [2022-11-26T20:27:41.799782 #19364]  INFO -- : INSERTING VALUES: ["https://www.ancientfaith.com/podcasts/hopko", "Speaking the Truth in Love"]}
I, [2022-11-26T20:27:41.832007 #19364]  INFO -- : INSERTING VALUES: ["https://www.ancientfaith.com/podcasts/humanexceptionalism", "Human Exceptionalism"]}
I, [2022-11-26T20:27:41.866090 #19364]  INFO -- : INSERTING VALUES: ["https://www.ancientfaith.com/podcasts/illuminedheart", "The Illumined Heart"]}
I, [2022-11-26T20:27:41.898849 #19364]  INFO -- : INSERTING VALUES: ["https://www.ancientfaith.com/podcasts/isermon", "iSermon"]}
I, [2022-11-26T20:27:41.938990 #19364]  INFO -- : INSERTING VALUES: ["https://www.ancientfaith.com/podcasts/lampfortoday", "A Lamp for Today"]}
I, [2022-11-26T20:27:41.970057 #19364]  INFO -- : INSERTING VALUES: ["https://www.ancientfaith.com/podcasts/lawofthespirit", "The Law of the Spirit"]}
I, [2022-11-26T20:27:42.000523 #19364]  INFO -- : INSERTING VALUES: ["https://www.ancientfaith.com/podcasts/letmyprayer", "Let My Prayer Arise"]}
I, [2022-11-26T20:27:42.032866 #19364]  INFO -- : INSERTING VALUES: ["https://www.ancientfaith.com/podcasts/letusattend", "Let Us Attend"]}
I, [2022-11-26T20:27:42.068226 #19364]  INFO -- : INSERTING VALUES: ["https://www.ancientfaith.com/podcasts/letusattend/november_27_2022_luke_1818_27_read_for_older_children", "November 27, 2022: Luke 18:18-27, Read for Older Children"]}
I, [2022-11-26T20:27:42.101802 #19364]  INFO -- : INSERTING VALUES: ["https://www.ancientfaith.com/podcasts/letusattend/november_27_2022_luke_1818_27_told_for_younger_children", "November 27, 2022: Luke 18:18-27, Told for Younger Children"]}
I, [2022-11-26T20:27:42.133274 #19364]  INFO -- : INSERTING VALUES: ["https://www.ancientfaith.com/podcasts/lifeofchurch", "The Life of the Church Today"]}
I, [2022-11-26T20:27:42.171185 #19364]  INFO -- : INSERTING VALUES: ["https://www.ancientfaith.com/podcasts/lightpast", "Light Through the Past"]}
I, [2022-11-26T20:27:42.204925 #19364]  INFO -- : INSERTING VALUES: ["https://www.ancientfaith.com/podcasts/lightpast/st_dionysius_of_alexandria_and_the_continued_ambiguity_of_language", "St. Dionysius of Alexandria and the Continued Ambiguity of Language"]}
I, [2022-11-26T20:27:42.239037 #19364]  INFO -- : INSERTING VALUES: ["https://www.ancientfaith.com/podcasts/lightstreamsin", "Light Streams In"]}
I, [2022-11-26T20:27:42.274653 #19364]  INFO -- : INSERTING VALUES: ["https://www.ancientfaith.com/podcasts/lightstreamsin/thanksgiving", "Thanksgiving"]}
I, [2022-11-26T20:27:42.306742 #19364]  INFO -- : INSERTING VALUES: ["https://www.ancientfaith.com/podcasts/livetheword", "Live the Word"]}
I, [2022-11-26T20:27:42.349182 #19364]  INFO -- : INSERTING VALUES: ["https://www.ancientfaith.com/podcasts/livewiththelouhs", "Live with the Louhs"]}
I, [2022-11-26T20:27:42.386321 #19364]  INFO -- : INSERTING VALUES: ["https://www.ancientfaith.com/podcasts/livewiththelouhs/fasting_for_the_soul_and_body", "Fasting for the Soul and Body"]}
I, [2022-11-26T20:27:42.416669 #19364]  INFO -- : INSERTING VALUES: ["https://www.ancientfaith.com/podcasts/lordofspirits", "The Lord of Spirits"]}
I, [2022-11-26T20:27:42.451943 #19364]  INFO -- : INSERTING VALUES: ["https://www.ancientfaith.com/podcasts/lordofspirits/thanksgiving", "Thanksgiving"]}
I, [2022-11-26T20:27:42.485368 #19364]  INFO -- : INSERTING VALUES: ["https://www.ancientfaith.com/podcasts/lordsendme", "Lord, Send Me"]}
I, [2022-11-26T20:27:42.522797 #19364]  INFO -- : INSERTING VALUES: ["https://www.ancientfaith.com/podcasts/madetobeakingdom", "Made to Be a Kingdom"]}
I, [2022-11-26T20:27:42.552959 #19364]  INFO -- : INSERTING VALUES: ["https://www.ancientfaith.com/podcasts/madetobeakingdom/making_a_catechumen_the_prayers_of_exorcism", "Making a Catechumen - The Prayers of Exorcism"]}
I, [2022-11-26T20:27:42.587061 #19364]  INFO -- : INSERTING VALUES: ["https://www.ancientfaith.com/podcasts/madetobeakingdom/thanksgiving_language_and_ritual", "Thanksgiving - language and ritual"]}
I, [2022-11-26T20:27:42.619132 #19364]  INFO -- : INSERTING VALUES: ["https://www.ancientfaith.com/podcasts/monkseyes", "Through a Monk’s Eyes"]}
I, [2022-11-26T20:27:42.649626 #19364]  INFO -- : INSERTING VALUES: ["https://www.ancientfaith.com/podcasts/monkseyes", "Through a Monk's Eyes"]}
I, [2022-11-26T20:27:42.684728 #19364]  INFO -- : INSERTING VALUES: ["https://www.ancientfaith.com/podcasts/monkseyes/gripped_by_sin_why_doesnt_christ_help", "Gripped by Sin. Why doesn’t Christ help?"]}
I, [2022-11-26T20:27:42.715558 #19364]  INFO -- : INSERTING VALUES: ["https://www.ancientfaith.com/podcasts/monkseyes/habitual_sin_how_to_move_forward", "Habitual Sin: How To Move Forward"]}
I, [2022-11-26T20:27:42.746942 #19364]  INFO -- : INSERTING VALUES: ["https://www.ancientfaith.com/podcasts/namesofjesus", "The Names of Jesus"]}
I, [2022-11-26T20:27:42.781988 #19364]  INFO -- : INSERTING VALUES: ["https://www.ancientfaith.com/podcasts/nootherfoundation", "No Other Foundation"]}
I, [2022-11-26T20:27:42.815267 #19364]  INFO -- : INSERTING VALUES: ["https://www.ancientfaith.com/podcasts/ocf", "OCF Campus Ministry Podcast"]}
I, [2022-11-26T20:27:42.849870 #19364]  INFO -- : INSERTING VALUES: ["https://www.ancientfaith.com/podcasts/onefivethree", "The 153"]}
I, [2022-11-26T20:27:42.884783 #19364]  INFO -- : INSERTING VALUES: ["https://www.ancientfaith.com/podcasts/orthodixie", "Orthodixie"]}
I, [2022-11-26T20:27:42.917552 #19364]  INFO -- : INSERTING VALUES: ["https://www.ancientfaith.com/podcasts/orthodoxengagement", "Orthodox Engagement"]}
I, [2022-11-26T20:27:42.950291 #19364]  INFO -- : INSERTING VALUES: ["https://www.ancientfaith.com/podcasts/orthodoxleader", "The Orthodox Leader"]}
I, [2022-11-26T20:27:42.991411 #19364]  INFO -- : INSERTING VALUES: ["https://www.ancientfaith.com/podcasts/orthodoxyheterodoxy", "Orthodoxy and Heterodoxy"]}
I, [2022-11-26T20:27:43.025715 #19364]  INFO -- : INSERTING VALUES: ["https://www.ancientfaith.com/podcasts/orthodoxylive", "Orthodoxy Live"]}
I, [2022-11-26T20:27:43.059411 #19364]  INFO -- : INSERTING VALUES: ["https://www.ancientfaith.com/podcasts/ourlife", "Our Life in Christ"]}
I, [2022-11-26T20:27:43.100429 #19364]  INFO -- : INSERTING VALUES: ["https://www.ancientfaith.com/podcasts/parables", "Parables of Community"]}
I, [2022-11-26T20:27:43.136554 #19364]  INFO -- : INSERTING VALUES: ["https://www.ancientfaith.com/podcasts/paradiseutopia", "Paradise and Utopia"]}
I, [2022-11-26T20:27:43.171762 #19364]  INFO -- : INSERTING VALUES: ["https://www.ancientfaith.com/podcasts/pathacademy", "The Path to the Academy"]}
I, [2022-11-26T20:27:43.205111 #19364]  INFO -- : INSERTING VALUES: ["https://www.ancientfaith.com/podcasts/pathacademy/reenchanting_education", "Reenchanting Education"]}
I, [2022-11-26T20:27:43.250211 #19364]  INFO -- : INSERTING VALUES: ["https://www.ancientfaith.com/podcasts/persontoperson", "Person to Person"]}
I, [2022-11-26T20:27:43.294963 #19364]  INFO -- : INSERTING VALUES: ["https://www.ancientfaith.com/podcasts/persontoperson/passions_virtues_part_3", "Passions & Virtues Part 3"]}
I, [2022-11-26T20:27:43.329396 #19364]  INFO -- : INSERTING VALUES: ["https://www.ancientfaith.com/podcasts/pilgrims", "Pilgrims from Paradise"]}
I, [2022-11-26T20:27:43.361243 #19364]  INFO -- : INSERTING VALUES: ["https://www.ancientfaith.com/podcasts/ponderings", "Pastoral Ponderings"]}
I, [2022-11-26T20:27:43.396382 #19364]  INFO -- : INSERTING VALUES: ["https://www.ancientfaith.com/podcasts/popculture", "Pop Culture Coffee Hour"]}
I, [2022-11-26T20:27:43.428432 #19364]  INFO -- : INSERTING VALUES: ["https://www.ancientfaith.com/podcasts/prayingintherain", "Praying in the Rain"]}
I, [2022-11-26T20:27:43.459134 #19364]  INFO -- : INSERTING VALUES: ["https://www.ancientfaith.com/podcasts/rain", "Rain in the Desert"]}
I, [2022-11-26T20:27:43.489302 #19364]  INFO -- : INSERTING VALUES: ["https://www.ancientfaith.com/podcasts/raisingsaints", "Raising Saints"]}
I, [2022-11-26T20:27:43.520123 #19364]  INFO -- : INSERTING VALUES: ["https://www.ancientfaith.com/podcasts/recollectingglory", "Recollecting Glory"]}
I, [2022-11-26T20:27:43.550545 #19364]  INFO -- : INSERTING VALUES: ["https://www.ancientfaith.com/podcasts/sacramental", "Sacramental Living"]}
I, [2022-11-26T20:27:43.582094 #19364]  INFO -- : INSERTING VALUES: ["https://www.ancientfaith.com/podcasts/sacramental/hospitality_and_our_salvation", "Hospitality and Our Salvation"]}
I, [2022-11-26T20:27:43.612973 #19364]  INFO -- : INSERTING VALUES: ["https://www.ancientfaith.com/podcasts/sacrificeofpraise", "A Sacrifice of Praise"]}
I, [2022-11-26T20:27:43.644803 #19364]  INFO -- : INSERTING VALUES: ["https://www.ancientfaith.com/podcasts/saintemmelia", "The Saint Emmelia Podcast"]}
I, [2022-11-26T20:27:43.678760 #19364]  INFO -- : INSERTING VALUES: ["https://www.ancientfaith.com/podcasts/saintoftheday", "Saint of the Day"]}
I, [2022-11-26T20:27:43.709569 #19364]  INFO -- : INSERTING VALUES: ["https://www.ancientfaith.com/podcasts/saintoftheday/great_martyr_mercurius_2593", "Great Martyr Mercurius (~259)"]}
I, [2022-11-26T20:27:43.741413 #19364]  INFO -- : INSERTING VALUES: ["https://www.ancientfaith.com/podcasts/saintoftheday/our_holy_father_alypius_the_stylite_607", "Our Holy Father Alypius the Stylite (~607)"]}
I, [2022-11-26T20:27:43.774107 #19364]  INFO -- : INSERTING VALUES: ["https://www.ancientfaith.com/podcasts/searchthescriptures", "Search the Scriptures"]}
I, [2022-11-26T20:27:43.811124 #19364]  INFO -- : INSERTING VALUES: ["https://www.ancientfaith.com/podcasts/searchthescriptureslive", "Search the Scriptures Live"]}
I, [2022-11-26T20:27:43.843089 #19364]  INFO -- : INSERTING VALUES: ["https://www.ancientfaith.com/podcasts/searchthescriptureslive/king_of_the_jews", "King of the Jews?"]}
I, [2022-11-26T20:27:43.873968 #19364]  INFO -- : INSERTING VALUES: ["https://www.ancientfaith.com/podcasts/secondliturgy", "The Second Liturgy"]}
I, [2022-11-26T20:27:43.915481 #19364]  INFO -- : INSERTING VALUES: ["https://www.ancientfaith.com/podcasts/sermonsatstnicholas", "Sermons at St. Nicholas"]}
I, [2022-11-26T20:27:43.946939 #19364]  INFO -- : INSERTING VALUES: ["https://www.ancientfaith.com/podcasts/sermonsatstnicholas/godliness_with_contentment", "Godliness With Contentment"]}
I, [2022-11-26T20:27:43.978471 #19364]  INFO -- : INSERTING VALUES: ["https://www.ancientfaith.com/podcasts/signs", "Signs In Our Times"]}
I, [2022-11-26T20:27:44.010874 #19364]  INFO -- : INSERTING VALUES: ["https://www.ancientfaith.com/podcasts/simplepath", "The Simple Path to God"]}
I, [2022-11-26T20:27:44.044734 #19364]  INFO -- : INSERTING VALUES: ["https://www.ancientfaith.com/podcasts/sost", "The Spirit of Saint Tikhon’s"]}
I, [2022-11-26T20:27:44.076406 #19364]  INFO -- : INSERTING VALUES: ["https://www.ancientfaith.com/podcasts/sost", "The Spirit of Saint Tikhon's"]}
I, [2022-11-26T20:27:44.110041 #19364]  INFO -- : INSERTING VALUES: ["https://www.ancientfaith.com/podcasts/spiritandtruth", "Worship in Spirit and Truth"]}
I, [2022-11-26T20:27:44.141650 #19364]  INFO -- : INSERTING VALUES: ["https://www.ancientfaith.com/podcasts/stevethebuilder", "Steve the Builder"]}
I, [2022-11-26T20:27:44.173693 #19364]  INFO -- : INSERTING VALUES: ["https://www.ancientfaith.com/podcasts/stewardshipcalling", "Stewardship Calling"]}
I, [2022-11-26T20:27:44.207848 #19364]  INFO -- : INSERTING VALUES: ["https://www.ancientfaith.com/podcasts/svsvoices", "Voices From St Vladimir's Seminary"]}
I, [2022-11-26T20:27:44.242683 #19364]  INFO -- : INSERTING VALUES: ["https://www.ancientfaith.com/podcasts/svsvoices", "Voices From St Vladimir’s Seminary"]}
I, [2022-11-26T20:27:44.274140 #19364]  INFO -- : INSERTING VALUES: ["https://www.ancientfaith.com/podcasts/telos", "The Telos Project"]}
I, [2022-11-26T20:27:44.307206 #19364]  INFO -- : INSERTING VALUES: ["https://www.ancientfaith.com/podcasts/tendingthegarden", "Tending the Garden of our Hearts"]}
I, [2022-11-26T20:27:44.339131 #19364]  INFO -- : INSERTING VALUES: ["https://www.ancientfaith.com/podcasts/tendingthegarden/gratitude2", "Gratitude"]}
I, [2022-11-26T20:27:44.371602 #19364]  INFO -- : INSERTING VALUES: ["https://www.ancientfaith.com/podcasts/thepath", "The Path"]}
I, [2022-11-26T20:27:44.402026 #19364]  INFO -- : INSERTING VALUES: ["https://www.ancientfaith.com/podcasts/thepath/november_25_2022", "November 25, 2022"]}
I, [2022-11-26T20:27:44.433071 #19364]  INFO -- : INSERTING VALUES: ["https://www.ancientfaith.com/podcasts/thetrench", "The Trench"]}
I, [2022-11-26T20:27:44.464291 #19364]  INFO -- : INSERTING VALUES: ["https://www.ancientfaith.com/podcasts/threemenbible", "3 Men and a Bible"]}
I, [2022-11-26T20:27:44.495328 #19364]  INFO -- : INSERTING VALUES: ["https://www.ancientfaith.com/podcasts/timeeternal", "Time Eternal"]}
I, [2022-11-26T20:27:44.527263 #19364]  INFO -- : INSERTING VALUES: ["https://www.ancientfaith.com/podcasts/todagloria", "Toda Gloria a Dios"]}
I, [2022-11-26T20:27:44.560460 #19364]  INFO -- : INSERTING VALUES: ["https://www.ancientfaith.com/podcasts/transforminglives", "Transforming Our Lives in Christ"]}
I, [2022-11-26T20:27:44.590902 #19364]  INFO -- : INSERTING VALUES: ["https://www.ancientfaith.com/podcasts/trapeza", "The Monastery Trapeza"]}
I, [2022-11-26T20:27:44.630291 #19364]  INFO -- : INSERTING VALUES: ["https://www.ancientfaith.com/podcasts/voicefromisles", "A Voice from the Isles"]}
I, [2022-11-26T20:27:44.666934 #19364]  INFO -- : INSERTING VALUES: ["https://www.ancientfaith.com/podcasts/walkinganancientpath", "Walking an Ancient Path"]}
I, [2022-11-26T20:27:44.702705 #19364]  INFO -- : INSERTING VALUES: ["https://www.ancientfaith.com/podcasts/wander", "Wander"]}
I, [2022-11-26T20:27:44.742645 #19364]  INFO -- : INSERTING VALUES: ["https://www.ancientfaith.com/podcasts/wanderingthedesert", "Wandering the Desert"]}
I, [2022-11-26T20:27:44.773251 #19364]  INFO -- : INSERTING VALUES: ["https://www.ancientfaith.com/podcasts/watchfuleating", "Watchful Eating"]}
I, [2022-11-26T20:27:44.805279 #19364]  INFO -- : INSERTING VALUES: ["https://www.ancientfaith.com/podcasts/watchfuleating/judging_ourselves", "Judging Ourselves"]}
I, [2022-11-26T20:27:44.836574 #19364]  INFO -- : INSERTING VALUES: ["https://www.ancientfaith.com/podcasts/weareorthodoxy", "We Are Orthodoxy"]}
I, [2022-11-26T20:27:44.867076 #19364]  INFO -- : INSERTING VALUES: ["https://www.ancientfaith.com/podcasts/wholecounsel", "The Whole Counsel of God"]}
I, [2022-11-26T20:27:44.898625 #19364]  INFO -- : INSERTING VALUES: ["https://www.ancientfaith.com/podcasts/wholecounsel/1_john_23_29", "1 John 2:3-29"]}
I, [2022-11-26T20:27:44.932619 #19364]  INFO -- : INSERTING VALUES: ["https://www.ancientfaith.com/podcasts/wolfandcross", "The Wolf and the Cross"]}
I, [2022-11-26T20:27:44.966717 #19364]  INFO -- : INSERTING VALUES: ["https://www.ancientfaith.com/podcasts/woundedhealer", "The Wounded Healer"]}
I, [2022-11-26T20:31:56.328551 #34780]  INFO -- : INSERTING VALUES: ["https://www.oca.org/readings/daily/2022/11/26/1", "2 Corinthians 11:1-6"]}
I, [2022-11-26T20:31:56.381683 #34780]  INFO -- : INSERTING VALUES: ["https://www.oca.org/readings/daily/2022/11/26/2", "Luke 10:19-21"]}
I, [2022-11-26T20:35:31.707294 #36932]  INFO -- : INSERTING VALUES: ["https://orthochristian.com/147453.html", "Conservative vs. Liberal Clergy?"]}
I, [2022-11-26T20:35:31.742442 #36932]  INFO -- : INSERTING VALUES: ["https://orthochristian.com/147538.html", "“What Russia Is and Will Be Depends on Each One of Us”"]}
I, [2022-11-26T20:35:31.774732 #36932]  INFO -- : INSERTING VALUES: ["https://orthochristian.com/147606.html", "Archbishop Gabriel (Chemodakov) of Montreal and Canada: “Canada’s decision to impose sanctions against Patriarch Kirill is absurd. The ROCOR continues to commemorate him during the services”"]}
I, [2022-11-26T20:35:31.805781 #36932]  INFO -- : INSERTING VALUES: ["https://orthochristian.com/147758.html", "Advice from Monks and the Nuclear Family: A Response to Rev. John Chryssavgis"]}
I, [2022-11-26T20:35:31.836664 #36932]  INFO -- : INSERTING VALUES: ["https://orthochristian.com/148078.html", "Headscarves in the Orthodox Church: Holy Tradition and Practice vs. Modern Feelings"]}
I, [2022-11-26T20:35:31.869522 #36932]  INFO -- : INSERTING VALUES: ["https://orthochristian.com/148149.html", "Wonderworking Reproductions of Icons: How Does the Church View Photo-Reproductions of Holy Images?"]}
I, [2022-11-26T20:35:31.900049 #36932]  INFO -- : INSERTING VALUES: ["https://orthochristian.com/148152.html", "Wonderworking Reproductions of Icons: How Does the Church View Photo-Reproductions of Holy Images?"]}
I, [2022-11-26T20:35:31.933163 #36932]  INFO -- : INSERTING VALUES: ["https://orthochristian.com/148190.html", "“My parents are drinkers, and I’m developing complexes”"]}
I, [2022-11-26T20:35:31.966492 #36932]  INFO -- : INSERTING VALUES: ["https://orthochristian.com/148191.html", "The Modern-Day Dance of the Impious; and How to Tell the Difference Between Good and False Pastors"]}
I, [2022-11-26T20:35:31.997361 #36932]  INFO -- : INSERTING VALUES: ["https://orthochristian.com/148251.html", "God Save the King!"]}
I, [2022-11-26T20:35:32.030749 #36932]  INFO -- : INSERTING VALUES: ["https://orthochristian.com/148321.html", "To Teach and Learn Bell-Ringing"]}
I, [2022-11-26T20:35:32.061966 #36932]  INFO -- : INSERTING VALUES: ["https://orthochristian.com/148358.html", "Archpriest Vladimir Boikov (New Zealand): “I used my own suitcases to move things from Australia”"]}
I, [2022-11-26T20:35:32.095049 #36932]  INFO -- : INSERTING VALUES: ["https://orthochristian.com/148424.html", "“Vladyka Nicholas Loves God, Deeply”"]}
I, [2022-11-26T20:35:32.125440 #36932]  INFO -- : INSERTING VALUES: ["https://orthochristian.com/148501.html", "Patriarch Daniel’s 15th enthronement anniversary: key milestones"]}
I, [2022-11-26T20:35:32.157177 #36932]  INFO -- : INSERTING VALUES: ["https://orthochristian.com/148636.html", "“Greater Love Hath No Man Than This . . .”"]}
I, [2022-11-26T20:35:32.191742 #36932]  INFO -- : INSERTING VALUES: ["https://orthochristian.com/148688.html", "A School Where Students Write With Ink Pens, Work in a Garden and Ride Horses"]}
I, [2022-11-26T20:35:32.225307 #36932]  INFO -- : INSERTING VALUES: ["https://orthochristian.com/148740.html", "Folk healers and their “prayers”"]}
I, [2022-11-26T20:35:32.256136 #36932]  INFO -- : INSERTING VALUES: ["https://orthochristian.com/148848.html", "“Our relationship is unwavering, familial, and deeply fraternal”"]}
I, [2022-11-26T20:35:32.290612 #36932]  INFO -- : INSERTING VALUES: ["https://orthochristian.com/149357.html", "The Pro LGBTQP \"Orthodox\""]}
I, [2022-11-26T20:35:32.326299 #36932]  INFO -- : INSERTING VALUES: ["https://orthochristian.com/149364.html", "The Renovationist \"Orthodox\" (The Birth of a New Religion, Part 3)"]}
I, [2022-11-26T20:37:09.220831 #19080]  INFO -- : INSERTING VALUES: ["https://orthodoxchristiantheology.com/2022/10/11/wisdom-14-icons-and-idols/", "Wisdom 14, Icons, and Idols"]}
I, [2022-11-26T20:37:09.251935 #19080]  INFO -- : INSERTING VALUES: ["https://orthodoxchristiantheology.com/2022/10/21/will-hell-be-physically-painful/", "Will Hell Be Physically Painful?"]}
I, [2022-11-26T20:37:09.289398 #19080]  INFO -- : INSERTING VALUES: ["https://orthodoxchristiantheology.com/2022/11/10/dictatus-papae-and-anachronistic-papal-supremacy-claims/", "Dictatus Papae and Anachronistic Papal Supremacy Claims"]}
I, [2022-11-26T20:37:09.322380 #19080]  INFO -- : INSERTING VALUES: ["https://orthodoxchristiantheology.com/2022/11/17/does-the-bible-teach-papal-primacy-or-supremacy/", "Does the Bible Teach Papal Primacy or Supremacy?"]}
I, [2022-11-26T20:37:09.354624 #19080]  INFO -- : INSERTING VALUES: ["https://orthodoxchristiantheology.com/2022/11/25/the-ecclesiastical-standing-of-father-peter-heers/", "The Ecclesiastical Standing of Father Peter Heers"]}
