# Logfile created on 2026-03-06 20:04:24 -0600 by logger.rb/v1.7.0
I, [2026-03-06T20:04:24.438964 #2130354]  INFO -- : #<struct LinkElement link="https://www.ancientfaith.com/podcasts/aftodaylive/", text="aftodaylive">
I, [2026-03-06T20:04:24.439065 #2130354]  INFO -- : #<struct LinkElement link="https://www.ancientfaith.com/podcasts/areopagus/", text="areopagus">
I, [2026-03-06T20:04:24.439083 #2130354]  INFO -- : #<struct LinkElement link="https://www.ancientfaith.com/podcasts/comeandsee/", text="comeandsee">
I, [2026-03-06T20:04:24.439097 #2130354]  INFO -- : #<struct LinkElement link="https://www.ancientfaith.com/podcasts/dailyscriptures/", text="dailyscriptures">
I, [2026-03-06T20:04:24.439109 #2130354]  INFO -- : #<struct LinkElement link="https://www.ancientfaith.com/podcasts/dailyscriptureskids/", text="dailyscriptureskids">
I, [2026-03-06T20:04:24.439122 #2130354]  INFO -- : #<struct LinkElement link="https://www.ancientfaith.com/podcasts/digital_discernment/", text="digital_discernment">
I, [2026-03-06T20:04:24.439135 #2130354]  INFO -- : #<struct LinkElement link="https://www.ancientfaith.com/podcasts/divineliturgy/", text="divineliturgy">
I, [2026-03-06T20:04:24.439147 #2130354]  INFO -- : #<struct LinkElement link="https://www.ancientfaith.com/podcasts/easternchristianinsights/", text="easternchristianinsights">
I, [2026-03-06T20:04:24.439160 #2130354]  INFO -- : #<struct LinkElement link="https://www.ancientfaith.com/podcasts/fr-andrew-stephen-damick-lectures/", text="fr-andrew-stephen-damick-lectures">
I, [2026-03-06T20:04:24.439174 #2130354]  INFO -- : #<struct LinkElement link="https://www.ancientfaith.com/podcasts/greattales/", text="greattales">
I, [2026-03-06T20:04:24.439186 #2130354]  INFO -- : #<struct LinkElement link="https://www.ancientfaith.com/podcasts/healingunresolved/", text="healingunresolved">
I, [2026-03-06T20:04:24.439198 #2130354]  INFO -- : #<struct LinkElement link="https://www.ancientfaith.com/podcasts/letusattend/", text="letusattend">
I, [2026-03-06T20:04:24.439211 #2130354]  INFO -- : #<struct LinkElement link="https://www.ancientfaith.com/podcasts/lightpast/", text="lightpast">
I, [2026-03-06T20:04:24.439222 #2130354]  INFO -- : #<struct LinkElement link="https://www.ancientfaith.com/podcasts/livewiththelouhs/", text="livewiththelouhs">
I, [2026-03-06T20:04:24.439235 #2130354]  INFO -- : #<struct LinkElement link="https://www.ancientfaith.com/podcasts/lordofspirits/", text="lordofspirits">
I, [2026-03-06T20:04:24.439247 #2130354]  INFO -- : #<struct LinkElement link="https://www.ancientfaith.com/podcasts/nootherfoundation/", text="nootherfoundation">
I, [2026-03-06T20:04:24.439259 #2130354]  INFO -- : #<struct LinkElement link="https://www.ancientfaith.com/podcasts/orthodox-explorers-club/", text="orthodox-explorers-club">
I, [2026-03-06T20:04:24.439271 #2130354]  INFO -- : #<struct LinkElement link="https://www.ancientfaith.com/podcasts/orthodoxpilgrim/", text="orthodoxpilgrim">
I, [2026-03-06T20:04:24.439283 #2130354]  INFO -- : #<struct LinkElement link="https://www.ancientfaith.com/podcasts/orthodoxylive/", text="orthodoxylive">
I, [2026-03-06T20:04:24.439295 #2130354]  INFO -- : #<struct LinkElement link="https://www.ancientfaith.com/podcasts/parables/", text="parables">
I, [2026-03-06T20:04:24.439307 #2130354]  INFO -- : #<struct LinkElement link="https://www.ancientfaith.com/podcasts/sacramental/", text="sacramental">
I, [2026-03-06T20:04:24.439319 #2130354]  INFO -- : #<struct LinkElement link="https://www.ancientfaith.com/podcasts/saintoftheday/", text="saintoftheday">
I, [2026-03-06T20:04:24.439330 #2130354]  INFO -- : #<struct LinkElement link="https://www.ancientfaith.com/podcasts/searchthescriptureslive/", text="searchthescriptureslive">
I, [2026-03-06T20:04:24.439343 #2130354]  INFO -- : #<struct LinkElement link="https://www.ancientfaith.com/podcasts/tendingthegarden/", text="tendingthegarden">
I, [2026-03-06T20:04:24.439355 #2130354]  INFO -- : #<struct LinkElement link="https://www.ancientfaith.com/podcasts/the-great-rood-screen/", text="the-great-rood-screen">
I, [2026-03-06T20:04:24.439368 #2130354]  INFO -- : #<struct LinkElement link="https://www.ancientfaith.com/podcasts/the_roots_of_everything/", text="the_roots_of_everything">
I, [2026-03-06T20:04:24.439385 #2130354]  INFO -- : #<struct LinkElement link="https://www.ancientfaith.com/podcasts/thepath/", text="thepath">
I, [2026-03-06T20:04:24.439398 #2130354]  INFO -- : #<struct LinkElement link="https://www.ancientfaith.com/podcasts/transforminglives/", text="transforminglives">
I, [2026-03-06T20:04:24.439410 #2130354]  INFO -- : #<struct LinkElement link="https://www.ancientfaith.com/podcasts/welcoming-gifts/", text="welcoming-gifts">
I, [2026-03-06T20:04:24.439422 #2130354]  INFO -- : #<struct LinkElement link="https://www.ancientfaith.com/podcasts/wholecounsel/", text="wholecounsel">
