# Logfile created on 2026-03-16 06:47:34 -0500 by logger.rb/v1.7.0
I, [2026-03-16T06:47:34.797509 #29821]  INFO -- : #<struct LinkElement link="https://www.ancientfaith.com/podcasts/aftodaylive/", text="aftodaylive">
I, [2026-03-16T06:47:34.812681 #29821]  INFO -- : #<struct LinkElement link="https://www.ancientfaith.com/podcasts/amvon/", text="amvon">
I, [2026-03-16T06:47:34.829015 #29821]  INFO -- : #<struct LinkElement link="https://www.ancientfaith.com/podcasts/church-things-explained/", text="church-things-explained">
I, [2026-03-16T06:47:34.843917 #29821]  INFO -- : #<struct LinkElement link="https://www.ancientfaith.com/podcasts/comeandsee/", text="comeandsee">
I, [2026-03-16T06:47:34.860463 #29821]  INFO -- : #<struct LinkElement link="https://www.ancientfaith.com/podcasts/dailyscriptures/", text="dailyscriptures">
I, [2026-03-16T06:47:34.875789 #29821]  INFO -- : #<struct LinkElement link="https://www.ancientfaith.com/podcasts/dailyscriptureskids/", text="dailyscriptureskids">
I, [2026-03-16T06:47:34.890901 #29821]  INFO -- : #<struct LinkElement link="https://www.ancientfaith.com/podcasts/doxacast_remix/", text="doxacast_remix">
I, [2026-03-16T06:47:34.906569 #29821]  INFO -- : #<struct LinkElement link="https://www.ancientfaith.com/podcasts/easternchristianinsights/", text="easternchristianinsights">
I, [2026-03-16T06:47:34.921977 #29821]  INFO -- : #<struct LinkElement link="https://www.ancientfaith.com/podcasts/familymatters/", text="familymatters">
I, [2026-03-16T06:47:34.936877 #29821]  INFO -- : #<struct LinkElement link="https://www.ancientfaith.com/podcasts/fr-andrew-stephen-damick-lectures/", text="fr-andrew-stephen-damick-lectures">
I, [2026-03-16T06:47:34.951208 #29821]  INFO -- : #<struct LinkElement link="https://www.ancientfaith.com/podcasts/fr_thomas_hopko_the_cassette_lectures/", text="fr_thomas_hopko_the_cassette_lectures">
I, [2026-03-16T06:47:34.967199 #29821]  INFO -- : #<struct LinkElement link="https://www.ancientfaith.com/podcasts/healingpresence/", text="healingpresence">
I, [2026-03-16T06:47:34.981786 #29821]  INFO -- : #<struct LinkElement link="https://www.ancientfaith.com/podcasts/healingunresolved/", text="healingunresolved">
I, [2026-03-16T06:47:34.996230 #29821]  INFO -- : #<struct LinkElement link="https://www.ancientfaith.com/podcasts/letusattend/", text="letusattend">
I, [2026-03-16T06:47:35.011170 #29821]  INFO -- : #<struct LinkElement link="https://www.ancientfaith.com/podcasts/lightpast/", text="lightpast">
I, [2026-03-16T06:47:35.025666 #29821]  INFO -- : #<struct LinkElement link="https://www.ancientfaith.com/podcasts/livewiththelouhs/", text="livewiththelouhs">
I, [2026-03-16T06:47:35.041386 #29821]  INFO -- : #<struct LinkElement link="https://www.ancientfaith.com/podcasts/madetobeakingdom/", text="madetobeakingdom">
I, [2026-03-16T06:47:35.057144 #29821]  INFO -- : #<struct LinkElement link="https://www.ancientfaith.com/podcasts/orthodoxpilgrim/", text="orthodoxpilgrim">
I, [2026-03-16T06:47:35.072874 #29821]  INFO -- : #<struct LinkElement link="https://www.ancientfaith.com/podcasts/orthodoxylive/", text="orthodoxylive">
I, [2026-03-16T06:47:35.088278 #29821]  INFO -- : #<struct LinkElement link="https://www.ancientfaith.com/podcasts/parables/", text="parables">
I, [2026-03-16T06:47:35.103407 #29821]  INFO -- : #<struct LinkElement link="https://www.ancientfaith.com/podcasts/pathacademy/", text="pathacademy">
I, [2026-03-16T06:47:35.118145 #29821]  INFO -- : #<struct LinkElement link="https://www.ancientfaith.com/podcasts/saintemmelia/", text="saintemmelia">
I, [2026-03-16T06:47:35.148733 #29821]  INFO -- : #<struct LinkElement link="https://www.ancientfaith.com/podcasts/saintoftheday/", text="saintoftheday">
I, [2026-03-16T06:47:35.162343 #29821]  INFO -- : #<struct LinkElement link="https://www.ancientfaith.com/podcasts/searchthescriptureslive/", text="searchthescriptureslive">
I, [2026-03-16T06:47:35.176822 #29821]  INFO -- : #<struct LinkElement link="https://www.ancientfaith.com/podcasts/simplepath/", text="simplepath">
I, [2026-03-16T06:47:35.190559 #29821]  INFO -- : #<struct LinkElement link="https://www.ancientfaith.com/podcasts/the-great-rood-screen/", text="the-great-rood-screen">
I, [2026-03-16T06:47:35.204403 #29821]  INFO -- : #<struct LinkElement link="https://www.ancientfaith.com/podcasts/the_roots_of_everything/", text="the_roots_of_everything">
I, [2026-03-16T06:47:35.218566 #29821]  INFO -- : #<struct LinkElement link="https://www.ancientfaith.com/podcasts/thepath/", text="thepath">
I, [2026-03-16T06:47:35.232640 #29821]  INFO -- : #<struct LinkElement link="https://www.ancientfaith.com/podcasts/transforminglives/", text="transforminglives">
I, [2026-03-16T06:47:35.246931 #29821]  INFO -- : #<struct LinkElement link="https://www.ancientfaith.com/podcasts/wholecounsel/", text="wholecounsel">
