# Logfile created on 2026-03-06 20:08:24 -0600 by logger.rb/v1.7.0
I, [2026-03-06T20:08:24.523826 #2133016]  INFO -- : #<struct LinkElement link="https://www.ancientfaith.com/podcasts/aftodaylive/", text="aftodaylive">
I, [2026-03-06T20:08:24.523932 #2133016]  INFO -- : #<struct LinkElement link="https://www.ancientfaith.com/podcasts/areopagus/", text="areopagus">
I, [2026-03-06T20:08:24.523952 #2133016]  INFO -- : #<struct LinkElement link="https://www.ancientfaith.com/podcasts/comeandsee/", text="comeandsee">
I, [2026-03-06T20:08:24.523967 #2133016]  INFO -- : #<struct LinkElement link="https://www.ancientfaith.com/podcasts/dailyscriptures/", text="dailyscriptures">
I, [2026-03-06T20:08:24.523982 #2133016]  INFO -- : #<struct LinkElement link="https://www.ancientfaith.com/podcasts/dailyscriptureskids/", text="dailyscriptureskids">
I, [2026-03-06T20:08:24.523995 #2133016]  INFO -- : #<struct LinkElement link="https://www.ancientfaith.com/podcasts/digital_discernment/", text="digital_discernment">
I, [2026-03-06T20:08:24.524009 #2133016]  INFO -- : #<struct LinkElement link="https://www.ancientfaith.com/podcasts/divineliturgy/", text="divineliturgy">
I, [2026-03-06T20:08:24.524022 #2133016]  INFO -- : #<struct LinkElement link="https://www.ancientfaith.com/podcasts/easternchristianinsights/", text="easternchristianinsights">
I, [2026-03-06T20:08:24.524034 #2133016]  INFO -- : #<struct LinkElement link="https://www.ancientfaith.com/podcasts/fr-andrew-stephen-damick-lectures/", text="fr-andrew-stephen-damick-lectures">
I, [2026-03-06T20:08:24.524048 #2133016]  INFO -- : #<struct LinkElement link="https://www.ancientfaith.com/podcasts/greattales/", text="greattales">
I, [2026-03-06T20:08:24.524061 #2133016]  INFO -- : #<struct LinkElement link="https://www.ancientfaith.com/podcasts/healingunresolved/", text="healingunresolved">
I, [2026-03-06T20:08:24.524073 #2133016]  INFO -- : #<struct LinkElement link="https://www.ancientfaith.com/podcasts/letusattend/", text="letusattend">
I, [2026-03-06T20:08:24.524085 #2133016]  INFO -- : #<struct LinkElement link="https://www.ancientfaith.com/podcasts/lightpast/", text="lightpast">
I, [2026-03-06T20:08:24.524097 #2133016]  INFO -- : #<struct LinkElement link="https://www.ancientfaith.com/podcasts/livewiththelouhs/", text="livewiththelouhs">
I, [2026-03-06T20:08:24.524109 #2133016]  INFO -- : #<struct LinkElement link="https://www.ancientfaith.com/podcasts/lordofspirits/", text="lordofspirits">
I, [2026-03-06T20:08:24.524124 #2133016]  INFO -- : #<struct LinkElement link="https://www.ancientfaith.com/podcasts/nootherfoundation/", text="nootherfoundation">
I, [2026-03-06T20:08:24.524138 #2133016]  INFO -- : #<struct LinkElement link="https://www.ancientfaith.com/podcasts/orthodox-explorers-club/", text="orthodox-explorers-club">
I, [2026-03-06T20:08:24.524152 #2133016]  INFO -- : #<struct LinkElement link="https://www.ancientfaith.com/podcasts/orthodoxpilgrim/", text="orthodoxpilgrim">
I, [2026-03-06T20:08:24.524166 #2133016]  INFO -- : #<struct LinkElement link="https://www.ancientfaith.com/podcasts/orthodoxylive/", text="orthodoxylive">
I, [2026-03-06T20:08:24.524181 #2133016]  INFO -- : #<struct LinkElement link="https://www.ancientfaith.com/podcasts/parables/", text="parables">
I, [2026-03-06T20:08:24.524199 #2133016]  INFO -- : #<struct LinkElement link="https://www.ancientfaith.com/podcasts/sacramental/", text="sacramental">
I, [2026-03-06T20:08:24.524222 #2133016]  INFO -- : #<struct LinkElement link="https://www.ancientfaith.com/podcasts/saintoftheday/", text="saintoftheday">
I, [2026-03-06T20:08:24.524242 #2133016]  INFO -- : #<struct LinkElement link="https://www.ancientfaith.com/podcasts/searchthescriptureslive/", text="searchthescriptureslive">
I, [2026-03-06T20:08:24.524267 #2133016]  INFO -- : #<struct LinkElement link="https://www.ancientfaith.com/podcasts/tendingthegarden/", text="tendingthegarden">
I, [2026-03-06T20:08:24.524285 #2133016]  INFO -- : #<struct LinkElement link="https://www.ancientfaith.com/podcasts/the-great-rood-screen/", text="the-great-rood-screen">
I, [2026-03-06T20:08:24.524305 #2133016]  INFO -- : #<struct LinkElement link="https://www.ancientfaith.com/podcasts/the_roots_of_everything/", text="the_roots_of_everything">
I, [2026-03-06T20:08:24.524330 #2133016]  INFO -- : #<struct LinkElement link="https://www.ancientfaith.com/podcasts/thepath/", text="thepath">
I, [2026-03-06T20:08:24.524348 #2133016]  INFO -- : #<struct LinkElement link="https://www.ancientfaith.com/podcasts/transforminglives/", text="transforminglives">
I, [2026-03-06T20:08:24.524365 #2133016]  INFO -- : #<struct LinkElement link="https://www.ancientfaith.com/podcasts/welcoming-gifts/", text="welcoming-gifts">
I, [2026-03-06T20:08:24.524379 #2133016]  INFO -- : #<struct LinkElement link="https://www.ancientfaith.com/podcasts/wholecounsel/", text="wholecounsel">
