# Logfile created on 2026-03-11 04:28:13 -0500 by logger.rb/v1.7.0
I, [2026-03-11T04:28:13.056778 #1709785]  INFO -- : #<struct LinkElement link="https://www.ancientfaith.com/podcasts/aftodaylive/", text="aftodaylive">
I, [2026-03-11T04:28:13.073790 #1709785]  INFO -- : #<struct LinkElement link="https://www.ancientfaith.com/podcasts/amvon/", text="amvon">
I, [2026-03-11T04:28:13.088403 #1709785]  INFO -- : #<struct LinkElement link="https://www.ancientfaith.com/podcasts/comeandsee/", text="comeandsee">
I, [2026-03-11T04:28:13.126786 #1709785]  INFO -- : #<struct LinkElement link="https://www.ancientfaith.com/podcasts/dailyscriptures/", text="dailyscriptures">
I, [2026-03-11T04:28:13.142701 #1709785]  INFO -- : #<struct LinkElement link="https://www.ancientfaith.com/podcasts/dailyscriptureskids/", text="dailyscriptureskids">
I, [2026-03-11T04:28:13.156237 #1709785]  INFO -- : #<struct LinkElement link="https://www.ancientfaith.com/podcasts/digital_discernment/", text="digital_discernment">
I, [2026-03-11T04:28:13.171112 #1709785]  INFO -- : #<struct LinkElement link="https://www.ancientfaith.com/podcasts/easternchristianinsights/", text="easternchristianinsights">
I, [2026-03-11T04:28:13.185892 #1709785]  INFO -- : #<struct LinkElement link="https://www.ancientfaith.com/podcasts/features/", text="features">
I, [2026-03-11T04:28:13.201722 #1709785]  INFO -- : #<struct LinkElement link="https://www.ancientfaith.com/podcasts/fr-andrew-stephen-damick-lectures/", text="fr-andrew-stephen-damick-lectures">
I, [2026-03-11T04:28:13.216380 #1709785]  INFO -- : #<struct LinkElement link="https://www.ancientfaith.com/podcasts/gods_wondrous_saints/", text="gods_wondrous_saints">
I, [2026-03-11T04:28:13.232116 #1709785]  INFO -- : #<struct LinkElement link="https://www.ancientfaith.com/podcasts/greattales/", text="greattales">
I, [2026-03-11T04:28:13.247948 #1709785]  INFO -- : #<struct LinkElement link="https://www.ancientfaith.com/podcasts/healingpresence/", text="healingpresence">
I, [2026-03-11T04:28:13.264000 #1709785]  INFO -- : #<struct LinkElement link="https://www.ancientfaith.com/podcasts/healingunresolved/", text="healingunresolved">
I, [2026-03-11T04:28:13.279011 #1709785]  INFO -- : #<struct LinkElement link="https://www.ancientfaith.com/podcasts/lampfortoday/", text="lampfortoday">
I, [2026-03-11T04:28:13.294228 #1709785]  INFO -- : #<struct LinkElement link="https://www.ancientfaith.com/podcasts/lightpast/", text="lightpast">
I, [2026-03-11T04:28:13.309058 #1709785]  INFO -- : #<struct LinkElement link="https://www.ancientfaith.com/podcasts/livewiththelouhs/", text="livewiththelouhs">
I, [2026-03-11T04:28:13.324815 #1709785]  INFO -- : #<struct LinkElement link="https://www.ancientfaith.com/podcasts/nootherfoundation/", text="nootherfoundation">
I, [2026-03-11T04:28:13.339200 #1709785]  INFO -- : #<struct LinkElement link="https://www.ancientfaith.com/podcasts/orthodox-explorers-club/", text="orthodox-explorers-club">
I, [2026-03-11T04:28:13.354053 #1709785]  INFO -- : #<struct LinkElement link="https://www.ancientfaith.com/podcasts/orthodoxylive/", text="orthodoxylive">
I, [2026-03-11T04:28:13.369711 #1709785]  INFO -- : #<struct LinkElement link="https://www.ancientfaith.com/podcasts/parables/", text="parables">
I, [2026-03-11T04:28:13.385420 #1709785]  INFO -- : #<struct LinkElement link="https://www.ancientfaith.com/podcasts/saintemmelia/", text="saintemmelia">
I, [2026-03-11T04:28:13.400930 #1709785]  INFO -- : #<struct LinkElement link="https://www.ancientfaith.com/podcasts/saintoftheday/", text="saintoftheday">
I, [2026-03-11T04:28:13.416525 #1709785]  INFO -- : #<struct LinkElement link="https://www.ancientfaith.com/podcasts/simplepath/", text="simplepath">
I, [2026-03-11T04:28:13.432826 #1709785]  INFO -- : #<struct LinkElement link="https://www.ancientfaith.com/podcasts/tendingthegarden/", text="tendingthegarden">
I, [2026-03-11T04:28:13.450065 #1709785]  INFO -- : #<struct LinkElement link="https://www.ancientfaith.com/podcasts/the-great-rood-screen/", text="the-great-rood-screen">
I, [2026-03-11T04:28:13.466064 #1709785]  INFO -- : #<struct LinkElement link="https://www.ancientfaith.com/podcasts/the_roots_of_everything/", text="the_roots_of_everything">
I, [2026-03-11T04:28:13.482326 #1709785]  INFO -- : #<struct LinkElement link="https://www.ancientfaith.com/podcasts/thepath/", text="thepath">
I, [2026-03-11T04:28:13.509486 #1709785]  INFO -- : #<struct LinkElement link="https://www.ancientfaith.com/podcasts/transforminglives/", text="transforminglives">
I, [2026-03-11T04:28:13.525764 #1709785]  INFO -- : #<struct LinkElement link="https://www.ancientfaith.com/podcasts/welcoming-gifts/", text="welcoming-gifts">
I, [2026-03-11T04:28:13.553223 #1709785]  INFO -- : #<struct LinkElement link="https://www.ancientfaith.com/podcasts/wholecounsel/", text="wholecounsel">
