# Logfile created on 2026-04-09 05:42:53 -0500 by logger.rb/v1.7.0
I, [2026-04-09T05:42:53.328541 #339310]  INFO -- : #<struct LinkElement link="https://www.ancientfaith.com/podcasts/aftodaylive/", text="aftodaylive">
I, [2026-04-09T05:42:53.347112 #339310]  INFO -- : #<struct LinkElement link="https://www.ancientfaith.com/podcasts/comeandsee/", text="comeandsee">
I, [2026-04-09T05:42:53.361277 #339310]  INFO -- : #<struct LinkElement link="https://www.ancientfaith.com/podcasts/dailyscriptures/", text="dailyscriptures">
I, [2026-04-09T05:42:53.375287 #339310]  INFO -- : #<struct LinkElement link="https://www.ancientfaith.com/podcasts/dailyscriptureskids/", text="dailyscriptureskids">
I, [2026-04-09T05:42:53.389532 #339310]  INFO -- : #<struct LinkElement link="https://www.ancientfaith.com/podcasts/divineliturgy/", text="divineliturgy">
I, [2026-04-09T05:42:53.403860 #339310]  INFO -- : #<struct LinkElement link="https://www.ancientfaith.com/podcasts/doxacast_remix/", text="doxacast_remix">
I, [2026-04-09T05:42:53.418500 #339310]  INFO -- : #<struct LinkElement link="https://www.ancientfaith.com/podcasts/doxacon/", text="doxacon">
I, [2026-04-09T05:42:53.433378 #339310]  INFO -- : #<struct LinkElement link="https://www.ancientfaith.com/podcasts/easternchristianinsights/", text="easternchristianinsights">
I, [2026-04-09T05:42:53.449003 #339310]  INFO -- : #<struct LinkElement link="https://www.ancientfaith.com/podcasts/filledwithless/", text="filledwithless">
I, [2026-04-09T05:42:53.464829 #339310]  INFO -- : #<struct LinkElement link="https://www.ancientfaith.com/podcasts/fr-andrew-stephen-damick-lectures/", text="fr-andrew-stephen-damick-lectures">
I, [2026-04-09T05:42:53.480633 #339310]  INFO -- : #<struct LinkElement link="https://www.ancientfaith.com/podcasts/gods_wondrous_saints/", text="gods_wondrous_saints">
I, [2026-04-09T05:42:53.496016 #339310]  INFO -- : #<struct LinkElement link="https://www.ancientfaith.com/podcasts/greattales/", text="greattales">
I, [2026-04-09T05:42:53.510546 #339310]  INFO -- : #<struct LinkElement link="https://www.ancientfaith.com/podcasts/healingpresence/", text="healingpresence">
I, [2026-04-09T05:42:53.524659 #339310]  INFO -- : #<struct LinkElement link="https://www.ancientfaith.com/podcasts/how-to-be-an-orthodox-christian/", text="how-to-be-an-orthodox-christian">
I, [2026-04-09T05:42:53.540254 #339310]  INFO -- : #<struct LinkElement link="https://www.ancientfaith.com/podcasts/lampfortoday/", text="lampfortoday">
I, [2026-04-09T05:42:53.554765 #339310]  INFO -- : #<struct LinkElement link="https://www.ancientfaith.com/podcasts/letusattend/", text="letusattend">
I, [2026-04-09T05:42:53.569246 #339310]  INFO -- : #<struct LinkElement link="https://www.ancientfaith.com/podcasts/lightpast/", text="lightpast">
I, [2026-04-09T05:42:53.584398 #339310]  INFO -- : #<struct LinkElement link="https://www.ancientfaith.com/podcasts/madetobeakingdom/", text="madetobeakingdom">
I, [2026-04-09T05:42:53.599557 #339310]  INFO -- : #<struct LinkElement link="https://www.ancientfaith.com/podcasts/nootherfoundation/", text="nootherfoundation">
I, [2026-04-09T05:42:53.614616 #339310]  INFO -- : #<struct LinkElement link="https://www.ancientfaith.com/podcasts/orthodox-explorers-club/", text="orthodox-explorers-club">
I, [2026-04-09T05:42:53.629778 #339310]  INFO -- : #<struct LinkElement link="https://www.ancientfaith.com/podcasts/orthodox_women_in_healing_ministries/", text="orthodox_women_in_healing_ministries">
I, [2026-04-09T05:42:53.644872 #339310]  INFO -- : #<struct LinkElement link="https://www.ancientfaith.com/podcasts/orthodoxylive/", text="orthodoxylive">
I, [2026-04-09T05:42:53.659493 #339310]  INFO -- : #<struct LinkElement link="https://www.ancientfaith.com/podcasts/parables/", text="parables">
I, [2026-04-09T05:42:53.674031 #339310]  INFO -- : #<struct LinkElement link="https://www.ancientfaith.com/podcasts/paradiseutopia/", text="paradiseutopia">
I, [2026-04-09T05:42:53.699688 #339310]  INFO -- : #<struct LinkElement link="https://www.ancientfaith.com/podcasts/saintoftheday/", text="saintoftheday">
I, [2026-04-09T05:42:53.713606 #339310]  INFO -- : #<struct LinkElement link="https://www.ancientfaith.com/podcasts/simplepath/", text="simplepath">
I, [2026-04-09T05:42:53.728207 #339310]  INFO -- : #<struct LinkElement link="https://www.ancientfaith.com/podcasts/the-fellowship-of-st-moses-the-black/", text="the-fellowship-of-st-moses-the-black">
I, [2026-04-09T05:42:53.743079 #339310]  INFO -- : #<struct LinkElement link="https://www.ancientfaith.com/podcasts/the-great-rood-screen/", text="the-great-rood-screen">
I, [2026-04-09T05:42:53.757155 #339310]  INFO -- : #<struct LinkElement link="https://www.ancientfaith.com/podcasts/thepath/", text="thepath">
I, [2026-04-09T05:42:53.771540 #339310]  INFO -- : #<struct LinkElement link="https://www.ancientfaith.com/podcasts/wholecounsel/", text="wholecounsel">
