# Logfile created on 2026-03-06 20:07:08 -0600 by logger.rb/v1.7.0
I, [2026-03-06T20:07:08.670788 #2132168]  INFO -- : #<struct LinkElement link="https://www.ancientfaith.com/podcasts/aftodaylive/", text="aftodaylive">
I, [2026-03-06T20:07:08.670886 #2132168]  INFO -- : #<struct LinkElement link="https://www.ancientfaith.com/podcasts/areopagus/", text="areopagus">
I, [2026-03-06T20:07:08.670904 #2132168]  INFO -- : #<struct LinkElement link="https://www.ancientfaith.com/podcasts/comeandsee/", text="comeandsee">
I, [2026-03-06T20:07:08.670918 #2132168]  INFO -- : #<struct LinkElement link="https://www.ancientfaith.com/podcasts/dailyscriptures/", text="dailyscriptures">
I, [2026-03-06T20:07:08.670930 #2132168]  INFO -- : #<struct LinkElement link="https://www.ancientfaith.com/podcasts/dailyscriptureskids/", text="dailyscriptureskids">
I, [2026-03-06T20:07:08.670943 #2132168]  INFO -- : #<struct LinkElement link="https://www.ancientfaith.com/podcasts/digital_discernment/", text="digital_discernment">
I, [2026-03-06T20:07:08.670955 #2132168]  INFO -- : #<struct LinkElement link="https://www.ancientfaith.com/podcasts/divineliturgy/", text="divineliturgy">
I, [2026-03-06T20:07:08.670967 #2132168]  INFO -- : #<struct LinkElement link="https://www.ancientfaith.com/podcasts/easternchristianinsights/", text="easternchristianinsights">
I, [2026-03-06T20:07:08.670979 #2132168]  INFO -- : #<struct LinkElement link="https://www.ancientfaith.com/podcasts/fr-andrew-stephen-damick-lectures/", text="fr-andrew-stephen-damick-lectures">
I, [2026-03-06T20:07:08.670993 #2132168]  INFO -- : #<struct LinkElement link="https://www.ancientfaith.com/podcasts/greattales/", text="greattales">
I, [2026-03-06T20:07:08.671005 #2132168]  INFO -- : #<struct LinkElement link="https://www.ancientfaith.com/podcasts/healingunresolved/", text="healingunresolved">
I, [2026-03-06T20:07:08.671017 #2132168]  INFO -- : #<struct LinkElement link="https://www.ancientfaith.com/podcasts/letusattend/", text="letusattend">
I, [2026-03-06T20:07:08.671029 #2132168]  INFO -- : #<struct LinkElement link="https://www.ancientfaith.com/podcasts/lightpast/", text="lightpast">
I, [2026-03-06T20:07:08.671040 #2132168]  INFO -- : #<struct LinkElement link="https://www.ancientfaith.com/podcasts/livewiththelouhs/", text="livewiththelouhs">
I, [2026-03-06T20:07:08.671052 #2132168]  INFO -- : #<struct LinkElement link="https://www.ancientfaith.com/podcasts/lordofspirits/", text="lordofspirits">
I, [2026-03-06T20:07:08.671064 #2132168]  INFO -- : #<struct LinkElement link="https://www.ancientfaith.com/podcasts/nootherfoundation/", text="nootherfoundation">
I, [2026-03-06T20:07:08.671076 #2132168]  INFO -- : #<struct LinkElement link="https://www.ancientfaith.com/podcasts/orthodox-explorers-club/", text="orthodox-explorers-club">
I, [2026-03-06T20:07:08.671088 #2132168]  INFO -- : #<struct LinkElement link="https://www.ancientfaith.com/podcasts/orthodoxpilgrim/", text="orthodoxpilgrim">
I, [2026-03-06T20:07:08.671101 #2132168]  INFO -- : #<struct LinkElement link="https://www.ancientfaith.com/podcasts/orthodoxylive/", text="orthodoxylive">
I, [2026-03-06T20:07:08.671113 #2132168]  INFO -- : #<struct LinkElement link="https://www.ancientfaith.com/podcasts/parables/", text="parables">
I, [2026-03-06T20:07:08.671124 #2132168]  INFO -- : #<struct LinkElement link="https://www.ancientfaith.com/podcasts/sacramental/", text="sacramental">
I, [2026-03-06T20:07:08.671136 #2132168]  INFO -- : #<struct LinkElement link="https://www.ancientfaith.com/podcasts/saintoftheday/", text="saintoftheday">
I, [2026-03-06T20:07:08.671148 #2132168]  INFO -- : #<struct LinkElement link="https://www.ancientfaith.com/podcasts/searchthescriptureslive/", text="searchthescriptureslive">
I, [2026-03-06T20:07:08.671160 #2132168]  INFO -- : #<struct LinkElement link="https://www.ancientfaith.com/podcasts/tendingthegarden/", text="tendingthegarden">
I, [2026-03-06T20:07:08.671172 #2132168]  INFO -- : #<struct LinkElement link="https://www.ancientfaith.com/podcasts/the-great-rood-screen/", text="the-great-rood-screen">
I, [2026-03-06T20:07:08.671185 #2132168]  INFO -- : #<struct LinkElement link="https://www.ancientfaith.com/podcasts/the_roots_of_everything/", text="the_roots_of_everything">
I, [2026-03-06T20:07:08.671202 #2132168]  INFO -- : #<struct LinkElement link="https://www.ancientfaith.com/podcasts/thepath/", text="thepath">
I, [2026-03-06T20:07:08.671215 #2132168]  INFO -- : #<struct LinkElement link="https://www.ancientfaith.com/podcasts/transforminglives/", text="transforminglives">
I, [2026-03-06T20:07:08.671228 #2132168]  INFO -- : #<struct LinkElement link="https://www.ancientfaith.com/podcasts/welcoming-gifts/", text="welcoming-gifts">
I, [2026-03-06T20:07:08.671241 #2132168]  INFO -- : #<struct LinkElement link="https://www.ancientfaith.com/podcasts/wholecounsel/", text="wholecounsel">
