# Logfile created on 2026-03-06 20:03:39 -0600 by logger.rb/v1.7.0
I, [2026-03-06T20:03:39.172756 #2129831]  INFO -- : #<struct LinkElement link="https://www.ancientfaith.com/podcasts/aftodaylive/", text="aftodaylive">
I, [2026-03-06T20:03:39.172899 #2129831]  INFO -- : #<struct LinkElement link="https://www.ancientfaith.com/podcasts/areopagus/", text="areopagus">
I, [2026-03-06T20:03:39.172932 #2129831]  INFO -- : #<struct LinkElement link="https://www.ancientfaith.com/podcasts/comeandsee/", text="comeandsee">
I, [2026-03-06T20:03:39.172966 #2129831]  INFO -- : #<struct LinkElement link="https://www.ancientfaith.com/podcasts/dailyscriptures/", text="dailyscriptures">
I, [2026-03-06T20:03:39.173006 #2129831]  INFO -- : #<struct LinkElement link="https://www.ancientfaith.com/podcasts/dailyscriptureskids/", text="dailyscriptureskids">
I, [2026-03-06T20:03:39.173029 #2129831]  INFO -- : #<struct LinkElement link="https://www.ancientfaith.com/podcasts/digital_discernment/", text="digital_discernment">
I, [2026-03-06T20:03:39.173044 #2129831]  INFO -- : #<struct LinkElement link="https://www.ancientfaith.com/podcasts/divineliturgy/", text="divineliturgy">
I, [2026-03-06T20:03:39.173058 #2129831]  INFO -- : #<struct LinkElement link="https://www.ancientfaith.com/podcasts/easternchristianinsights/", text="easternchristianinsights">
I, [2026-03-06T20:03:39.173072 #2129831]  INFO -- : #<struct LinkElement link="https://www.ancientfaith.com/podcasts/fr-andrew-stephen-damick-lectures/", text="fr-andrew-stephen-damick-lectures">
I, [2026-03-06T20:03:39.173089 #2129831]  INFO -- : #<struct LinkElement link="https://www.ancientfaith.com/podcasts/greattales/", text="greattales">
I, [2026-03-06T20:03:39.173104 #2129831]  INFO -- : #<struct LinkElement link="https://www.ancientfaith.com/podcasts/healingunresolved/", text="healingunresolved">
I, [2026-03-06T20:03:39.173118 #2129831]  INFO -- : #<struct LinkElement link="https://www.ancientfaith.com/podcasts/letusattend/", text="letusattend">
I, [2026-03-06T20:03:39.173133 #2129831]  INFO -- : #<struct LinkElement link="https://www.ancientfaith.com/podcasts/lightpast/", text="lightpast">
I, [2026-03-06T20:03:39.173147 #2129831]  INFO -- : #<struct LinkElement link="https://www.ancientfaith.com/podcasts/livewiththelouhs/", text="livewiththelouhs">
I, [2026-03-06T20:03:39.173161 #2129831]  INFO -- : #<struct LinkElement link="https://www.ancientfaith.com/podcasts/lordofspirits/", text="lordofspirits">
I, [2026-03-06T20:03:39.173176 #2129831]  INFO -- : #<struct LinkElement link="https://www.ancientfaith.com/podcasts/nootherfoundation/", text="nootherfoundation">
I, [2026-03-06T20:03:39.173190 #2129831]  INFO -- : #<struct LinkElement link="https://www.ancientfaith.com/podcasts/orthodox-explorers-club/", text="orthodox-explorers-club">
I, [2026-03-06T20:03:39.173205 #2129831]  INFO -- : #<struct LinkElement link="https://www.ancientfaith.com/podcasts/orthodoxpilgrim/", text="orthodoxpilgrim">
I, [2026-03-06T20:03:39.173219 #2129831]  INFO -- : #<struct LinkElement link="https://www.ancientfaith.com/podcasts/orthodoxylive/", text="orthodoxylive">
I, [2026-03-06T20:03:39.173233 #2129831]  INFO -- : #<struct LinkElement link="https://www.ancientfaith.com/podcasts/parables/", text="parables">
I, [2026-03-06T20:03:39.173247 #2129831]  INFO -- : #<struct LinkElement link="https://www.ancientfaith.com/podcasts/sacramental/", text="sacramental">
I, [2026-03-06T20:03:39.173261 #2129831]  INFO -- : #<struct LinkElement link="https://www.ancientfaith.com/podcasts/saintoftheday/", text="saintoftheday">
I, [2026-03-06T20:03:39.173274 #2129831]  INFO -- : #<struct LinkElement link="https://www.ancientfaith.com/podcasts/searchthescriptureslive/", text="searchthescriptureslive">
I, [2026-03-06T20:03:39.173289 #2129831]  INFO -- : #<struct LinkElement link="https://www.ancientfaith.com/podcasts/tendingthegarden/", text="tendingthegarden">
I, [2026-03-06T20:03:39.173303 #2129831]  INFO -- : #<struct LinkElement link="https://www.ancientfaith.com/podcasts/the-great-rood-screen/", text="the-great-rood-screen">
I, [2026-03-06T20:03:39.173317 #2129831]  INFO -- : #<struct LinkElement link="https://www.ancientfaith.com/podcasts/the_roots_of_everything/", text="the_roots_of_everything">
I, [2026-03-06T20:03:39.173338 #2129831]  INFO -- : #<struct LinkElement link="https://www.ancientfaith.com/podcasts/thepath/", text="thepath">
I, [2026-03-06T20:03:39.173354 #2129831]  INFO -- : #<struct LinkElement link="https://www.ancientfaith.com/podcasts/transforminglives/", text="transforminglives">
I, [2026-03-06T20:03:39.173368 #2129831]  INFO -- : #<struct LinkElement link="https://www.ancientfaith.com/podcasts/welcoming-gifts/", text="welcoming-gifts">
I, [2026-03-06T20:03:39.173382 #2129831]  INFO -- : #<struct LinkElement link="https://www.ancientfaith.com/podcasts/wholecounsel/", text="wholecounsel">
